[0mPOST /comment/addComment [31m500[0m 35.740 ms - 25[0m
[0mPOST /comment/addComment [31m500[0m 24.060 ms - 25[0m
[0mPOST /comment/addComment [31m500[0m 27.890 ms - 25[0m
[0mPOST /comment/addComment [31m500[0m 30.324 ms - 25[0m
[0mPOST /comment/addComment [31m500[0m 25.344 ms - 25[0m
[0mPOST /comment/addComment [33m404[0m 5.452 ms - 158[0m
[0mPOST /comment/addComment [33m404[0m 6.240 ms - 158[0m
[0mPOST /comment/addComment [33m404[0m 5.637 ms - 158[0m
[0mPOST /comment/add [32m200[0m 19.401 ms - 11[0m
[0mPOST /comment/add [32m200[0m 29.302 ms - 106[0m
[0mPOST /post/posts [32m200[0m 12.090 ms - 2[0m
[0mPOST /comment/add [32m200[0m 5.602 ms - 106[0m
[0mPOST /comment/add [32m200[0m 4.733 ms - 109[0m
[0mPOST /category/ [32m200[0m 13.199 ms - 494[0m
[0mPOST /post/posts [32m200[0m 31.562 ms - 2511[0m
[0mPOST /category/ [32m200[0m 6.817 ms - 494[0m
[0mGET /upload/cat.png [36m304[0m 7.890 ms - -[0m
[0mGET /upload/other.png [36m304[0m 9.185 ms - -[0m
[0mPOST /category/ [32m200[0m 23.776 ms - 494[0m
[0mGET /upload/default.jpg [36m304[0m 9.290 ms - -[0m
[0mGET /upload/dog.png [36m304[0m 8.556 ms - -[0m
[0mGET /upload/birds.png [36m304[0m 8.004 ms - -[0m
[0mGET /upload/rabbit.png [36m304[0m 8.432 ms - -[0m
[0mGET /upload/1617963344064--photo-1507146426996-ef05306b995a.jpeg [36m304[0m 6.356 ms - -[0m
[0mGET /upload/1617963757334--orange-cat-490017.jpg [36m304[0m 3.155 ms - -[0m
[0mGET /upload/1617964595288--images.jpeg [36m304[0m 4.781 ms - -[0m
[0mGET /upload/1617964639118--goldfish-in-bowl-589015030-57ffe4e05f9b5805c2b07851.jpg [36m304[0m 1.670 ms - -[0m
[0mGET /upload/1617964677042--92E141F8-36E4-4331-BB2EE42AC8674DD3_source.jpg [36m304[0m 2.047 ms - -[0m
[0mPOST /category/ [32m200[0m 12.009 ms - 494[0m
[0mPOST /post/posts [32m200[0m 16.542 ms - 1982[0m
[0mPOST /category/ [32m200[0m 6.266 ms - 494[0m
[0mPOST /category/ [32m200[0m 5.860 ms - 494[0m
[0mGET /upload/1617964730666--goldfish-in-bowl-589015030-57ffe4e05f9b5805c2b07851.jpg [36m304[0m 1.418 ms - -[0m
[0mGET /upload/1617965875777--fish-1080x675.jpeg [36m304[0m 1.255 ms - -[0m
[0mGET /upload/1617967112056--blue-and-green-parakeets.jpg [36m304[0m 1.957 ms - -[0m
[0mGET /upload/1618204372902--1-142043533.gif [36m304[0m 1.348 ms - -[0m
[0mPOST /category/ [32m200[0m 6.659 ms - 494[0m
[0mPOST /post/posts [32m200[0m 4.361 ms - 2[0m
[0mPOST /category/ [32m200[0m 9.802 ms - 494[0m
[0mPOST /post/posts [32m200[0m 3.472 ms - 2[0m
[0mPOST /comment/add [32m200[0m 37.772 ms - 106[0m
[0mPOST /comment/add [32m200[0m 33.920 ms - 109[0m
[0mPOST /comment/add [32m200[0m 7.992 ms - 109[0m
[0mPOST /comment/add [32m200[0m 46.761 ms - 716[0m
[0mPOST /post/posts [32m200[0m 8.350 ms - 2[0m
[0mPOST /post/posts [32m200[0m 3.543 ms - 2[0m
[0mPOST /post/posts [32m200[0m 3.518 ms - 2[0m
[0mPOST /post/posts [32m200[0m 3.913 ms - 2[0m
[0mPOST /comment/add [32m200[0m 7.648 ms - 716[0m
[0mPOST /post/posts [32m200[0m 3.702 ms - 2[0m
[0mPOST /like/addlike/6073d6d47106732262005fdf [32m200[0m 1.918 ms - 11[0m
[0mPOST /like/addunlike/6073d6d47106732262005fdf [32m200[0m 1.940 ms - 11[0m
[0mPOST /like/removelike/6073d6d47106732262005fdf [32m200[0m 1.508 ms - 11[0m
[0mPOST /like/removeunlike/6073d6d47106732262005fdf [32m200[0m 1.690 ms - 11[0m
[0mPOST /comment/add [32m200[0m 4.148 ms - 716[0m
[0mPOST /comment/add [32m200[0m 33.586 ms - 92[0m
[0mPOST /comment/add [32m200[0m 6.228 ms - 92[0m
[0mPOST /post/posts [32m200[0m 6.675 ms - 2[0m
[0mPOST /post/posts [32m200[0m 5.467 ms - 2[0m
[0mPOST /post/posts [32m200[0m 4.695 ms - 2[0m
[0mPOST /post/posts [32m200[0m 8.551 ms - 2[0m
[0mPOST /post/posts [32m200[0m 3.409 ms - 2[0m
[0mPOST /category/ [32m200[0m 19.326 ms - 494[0m
[0mPOST /post/posts [32m200[0m 5.904 ms - 2[0m
[0mPOST /category/ [32m200[0m 7.781 ms - 494[0m
[0mGET /upload/cat.png [36m304[0m 7.234 ms - -[0m
[0mGET /upload/dog.png [36m304[0m 1.723 ms - -[0m
[0mGET /upload/other.png [36m304[0m 9.619 ms - -[0m
[0mGET /upload/birds.png [36m304[0m 2.963 ms - -[0m
[0mGET /upload/rabbit.png [36m304[0m 2.524 ms - -[0m
[0mPOST /upload/ [32m200[0m 23.241 ms - 97[0m
[0mPOST /post/ [32m200[0m 16.703 ms - 506[0m
[0mPOST /category/ [32m200[0m 9.944 ms - 494[0m
[0mPOST /category/ [32m200[0m 15.230 ms - 494[0m
[0mPOST /post/posts [32m200[0m 18.609 ms - 499[0m
[0mPOST /category/ [32m200[0m 16.097 ms - 494[0m
[0mGET /upload/cat.png [36m304[0m 1.312 ms - -[0m
[0mGET /upload/dog.png [36m304[0m 2.025 ms - -[0m
[0mGET /upload/birds.png [36m304[0m 4.222 ms - -[0m
[0mGET /upload/other.png [36m304[0m 12.312 ms - -[0m
[0mGET /upload/rabbit.png [36m304[0m 6.942 ms - -[0m
[0mPOST /category/ [32m200[0m 11.152 ms - 494[0m
[0mGET /upload/default.jpg [36m304[0m 1.186 ms - -[0m
[0mPOST /category/ [32m200[0m 12.389 ms - 494[0m
[0mGET /upload/1618306202182--photo-1507146426996-ef05306b995a.jpeg [32m200[0m 13.196 ms - 57296[0m
[0mPOST /post/posts [32m200[0m 5.073 ms - 2[0m
[0mPOST /category/ [32m200[0m 5.734 ms - 494[0m
[0mPOST /comment/add [32m200[0m 5.976 ms - 93[0m
[0mPOST /upload/ [32m200[0m 8.363 ms - 71[0m
[0mPOST /post/ [32m200[0m 10.652 ms - 483[0m
[0mPOST /category/ [32m200[0m 8.212 ms - 494[0m
[0mPOST /upload/ [32m200[0m 9.228 ms - 78[0m
[0mPOST /post/ [32m200[0m 6.392 ms - 491[0m
[0mPOST /category/ [32m200[0m 14.195 ms - 494[0m
[0mPOST /upload/ [32m200[0m 7.875 ms - 115[0m
[0mPOST /post/ [32m200[0m 9.191 ms - 528[0m
[0mPOST /category/ [32m200[0m 6.110 ms - 494[0m
[0mPOST /upload/ [32m200[0m 8.567 ms - 98[0m
[0mPOST /post/ [32m200[0m 18.040 ms - 521[0m
[0mPOST /category/ [32m200[0m 5.719 ms - 494[0m
[0mPOST /upload/ [32m200[0m 5.706 ms - 87[0m
[0mPOST /post/ [32m200[0m 11.368 ms - 525[0m
[0mPOST /category/ [32m200[0m 6.957 ms - 494[0m
[0mPOST /category/ [32m200[0m 5.357 ms - 494[0m
[0mPOST /post/posts [32m200[0m 21.244 ms - 2490[0m
[0mPOST /category/ [32m200[0m 7.895 ms - 494[0m
[0mGET /upload/cat.png [36m304[0m 1.234 ms - -[0m
[0mGET /upload/dog.png [36m304[0m 3.830 ms - -[0m
[0mGET /upload/other.png [36m304[0m 4.295 ms - -[0m
[0mGET /upload/birds.png [36m304[0m 3.750 ms - -[0m
[0mGET /upload/rabbit.png [36m304[0m 6.501 ms - -[0m
[0mPOST /category/ [32m200[0m 9.987 ms - 494[0m
[0mGET /upload/default.jpg [36m304[0m 8.501 ms - -[0m
[0mGET /upload/1618306202182--photo-1507146426996-ef05306b995a.jpeg [36m304[0m 8.201 ms - -[0m
[0mPOST /category/ [32m200[0m 5.598 ms - 494[0m
[0mGET /upload/1618306344240--images.jpeg [32m200[0m 7.979 ms - 5523[0m
[0mGET /upload/1618306360004--fish-1080x675.jpeg [32m200[0m 7.030 ms - 62006[0m
[0mGET /upload/1618306368873--goldfish-in-bowl-589015030-57ffe4e05f9b5805c2b07851.jpg [32m200[0m 3.189 ms - 15246[0m
[0mGET /upload/1618306391906--best-pet-birds-parakeet-1572839068.jpg [32m200[0m 1.598 ms - 27978[0m
[0mPOST /post/posts [32m200[0m 9.096 ms - 518[0m
[0mPOST /category/ [32m200[0m 6.071 ms - 494[0m
[0mPOST /category/ [32m200[0m 6.013 ms - 494[0m
[0mPOST /category/ [32m200[0m 5.577 ms - 494[0m
[0mGET /upload/1618306422132--fish-sees-you-104652809.jpg [32m200[0m 1.233 ms - 30591[0m
[0mPOST /post/posts [32m200[0m 8.742 ms - 2[0m
[0mPOST /category/ [32m200[0m 5.544 ms - 494[0m
[0mPOST /upload/ [32m200[0m 5.940 ms - 87[0m
[0mPOST /post/ [32m200[0m 16.424 ms - 523[0m
[0mPOST /category/ [32m200[0m 6.598 ms - 494[0m
[0mPOST /upload/ [32m200[0m 5.829 ms - 96[0m
[0mPOST /post/ [32m200[0m 9.507 ms - 519[0m
[0mPOST /category/ [32m200[0m 10.209 ms - 494[0m
[0mGET /upload/1618306499628--blog_bucktons_love_pets.jpg [32m200[0m 1.643 ms - 43878[0m
[0mGET /upload/1618306519512--_112103722_gettyimages-578259314.jpg [32m200[0m 6.637 ms - 53031[0m
[0mPOST /post/posts [32m200[0m 6.138 ms - 2[0m
[0mPOST /post/posts [32m200[0m 2.491 ms - 2[0m
[0mPOST /upload/ [32m200[0m 25.414 ms - 108[0m
[0mPOST /post/ [32m200[0m 4.594 ms - 530[0m
[0mPOST /category/ [32m200[0m 4.983 ms - 494[0m
[0mPOST /upload/ [32m200[0m 8.038 ms - 88[0m
[0mPOST /post/ [32m200[0m 9.814 ms - 513[0m
[0mPOST /category/ [32m200[0m 6.007 ms - 494[0m
[0mGET /upload/1618306584795--200406_vod_orig_covid_pets_10_hpMain_1x1_992.jpg [32m200[0m 5.625 ms - 53999[0m
[0mGET /upload/1618306609264--blue-and-green-parakeets.jpg [32m200[0m 3.930 ms - 71998[0m
[0mPOST /post/posts [32m200[0m 4.667 ms - 2[0m
[0mPOST /post/posts [32m200[0m 3.345 ms - 2[0m
[0mPOST /upload/ [32m200[0m 11.018 ms - 75[0m
[0mPOST /post/ [32m200[0m 15.386 ms - 498[0m
[0mPOST /category/ [32m200[0m 5.267 ms - 494[0m
[0mGET /upload/1618306704919--1-142043533.gif [32m200[0m 1.252 ms - 232064[0m
[0mPOST /post/posts [32m200[0m 2.926 ms - 2[0m
[0mPOST /post/posts [32m200[0m 3.163 ms - 2[0m
[0mPOST /post/posts [32m200[0m 9.051 ms - 2[0m
[0mPOST /comment/add [32m200[0m 5.139 ms - 93[0m
[0mPOST /comment/add [32m200[0m 4.336 ms - 93[0m
[0mPOST /category/ [32m200[0m 9.086 ms - 494[0m
[0mPOST /post/posts [32m200[0m 43.295 ms - 2490[0m
[0mPOST /category/ [32m200[0m 11.991 ms - 494[0m
[0mGET /upload/cat.png [36m304[0m 1.158 ms - -[0m
[0mGET /upload/dog.png [36m304[0m 2.254 ms - -[0m
[0mGET /upload/other.png [36m304[0m 18.344 ms - -[0m
[0mGET /upload/birds.png [36m304[0m 8.549 ms - -[0m
[0mGET /upload/rabbit.png [36m304[0m 3.578 ms - -[0m
[0mPOST /category/ [32m200[0m 21.757 ms - 494[0m
[0mGET /upload/default.jpg [36m304[0m 6.110 ms - -[0m
[0mGET /upload/1618306202182--photo-1507146426996-ef05306b995a.jpeg [36m304[0m 1.700 ms - -[0m
[0mGET /upload/1618306344240--images.jpeg [36m304[0m 1.329 ms - -[0m
[0mGET /upload/1618306360004--fish-1080x675.jpeg [36m304[0m 5.153 ms - -[0m
[0mGET /upload/1618306368873--goldfish-in-bowl-589015030-57ffe4e05f9b5805c2b07851.jpg [36m304[0m 2.102 ms - -[0m
[0mGET /upload/1618306391906--best-pet-birds-parakeet-1572839068.jpg [36m304[0m 1.311 ms - -[0m
[0mPOST /category/ [32m200[0m 5.551 ms - 494[0m
[0mPOST /post/posts [32m200[0m 20.670 ms - 2571[0m
[0mPOST /category/ [32m200[0m 10.157 ms - 494[0m
[0mPOST /category/ [32m200[0m 4.998 ms - 494[0m
[0mGET /upload/1618306422132--fish-sees-you-104652809.jpg [36m304[0m 1.126 ms - -[0m
[0mGET /upload/1618306499628--blog_bucktons_love_pets.jpg [36m304[0m 1.136 ms - -[0m
[0mGET /upload/1618306519512--_112103722_gettyimages-578259314.jpg [36m304[0m 5.259 ms - -[0m
[0mGET /upload/1618306584795--200406_vod_orig_covid_pets_10_hpMain_1x1_992.jpg [36m304[0m 1.178 ms - -[0m
[0mGET /upload/1618306609264--blue-and-green-parakeets.jpg [36m304[0m 1.304 ms - -[0m
[0mPOST /category/ [32m200[0m 5.641 ms - 494[0m
[0mPOST /post/posts [32m200[0m 10.129 ms - 491[0m
[0mPOST /category/ [32m200[0m 6.086 ms - 494[0m
[0mPOST /category/ [32m200[0m 4.345 ms - 494[0m
[0mPOST /category/ [32m200[0m 5.082 ms - 494[0m
[0mGET /upload/1618306704919--1-142043533.gif [36m304[0m 1.024 ms - -[0m
[0mPOST /post/posts [32m200[0m 3.712 ms - 2[0m
[0mPOST /category/ [32m200[0m 8.036 ms - 494[0m
[0mPOST /post/posts [32m200[0m 4.914 ms - 2[0m
[0mPOST /comment/add [32m200[0m 34.254 ms - 94[0m
[0mPOST /comment/add [32m200[0m 36.379 ms - 94[0m
[0mPOST /category/ [32m200[0m 11.607 ms - 494[0m
[0mPOST /post/posts [32m200[0m 23.450 ms - 2490[0m
[0mPOST /category/ [32m200[0m 7.681 ms - 494[0m
[0mGET /upload/cat.png [36m304[0m 6.205 ms - -[0m
[0mGET /upload/dog.png [36m304[0m 5.760 ms - -[0m
[0mGET /upload/other.png [36m304[0m 5.396 ms - -[0m
[0mGET /upload/birds.png [36m304[0m 4.797 ms - -[0m
[0mGET /upload/rabbit.png [36m304[0m 4.265 ms - -[0m
[0mPOST /category/ [32m200[0m 5.948 ms - 494[0m
[0mGET /upload/default.jpg [36m304[0m 1.151 ms - -[0m
[0mGET /upload/1618306202182--photo-1507146426996-ef05306b995a.jpeg [36m304[0m 1.222 ms - -[0m
[0mGET /upload/1618306344240--images.jpeg [36m304[0m 1.530 ms - -[0m
[0mGET /upload/1618306360004--fish-1080x675.jpeg [36m304[0m 1.375 ms - -[0m
[0mGET /upload/1618306368873--goldfish-in-bowl-589015030-57ffe4e05f9b5805c2b07851.jpg [36m304[0m 1.364 ms - -[0m
[0mGET /upload/1618306391906--best-pet-birds-parakeet-1572839068.jpg [36m304[0m 1.674 ms - -[0m
[0mPOST /category/ [32m200[0m 12.503 ms - 494[0m
[0mPOST /post/posts [32m200[0m 19.616 ms - 2571[0m
[0mPOST /category/ [32m200[0m 6.772 ms - 494[0m
[0mPOST /category/ [32m200[0m 6.787 ms - 494[0m
[0mGET /upload/1618306422132--fish-sees-you-104652809.jpg [36m304[0m 1.300 ms - -[0m
[0mGET /upload/1618306499628--blog_bucktons_love_pets.jpg [36m304[0m 1.202 ms - -[0m
[0mGET /upload/1618306519512--_112103722_gettyimages-578259314.jpg [36m304[0m 1.023 ms - -[0m
[0mGET /upload/1618306584795--200406_vod_orig_covid_pets_10_hpMain_1x1_992.jpg [36m304[0m 1.364 ms - -[0m
[0mGET /upload/1618306609264--blue-and-green-parakeets.jpg [36m304[0m 1.527 ms - -[0m
[0mPOST /category/ [32m200[0m 8.552 ms - 494[0m
[0mPOST /post/posts [32m200[0m 6.425 ms - 543[0m
[0mPOST /category/ [32m200[0m 8.858 ms - 494[0m
[0mPOST /category/ [32m200[0m 6.985 ms - 494[0m
[0mPOST /category/ [32m200[0m 8.903 ms - 494[0m
[0mGET /upload/1618306704919--1-142043533.gif [36m304[0m 2.268 ms - -[0m
[0mPOST /post/posts [32m200[0m 3.357 ms - 2[0m
[0mPOST /category/ [32m200[0m 7.417 ms - 494[0m
[0mPOST /category/ [32m200[0m 19.318 ms - 494[0m
[0mPOST /post/posts [32m200[0m 42.353 ms - 2490[0m
[0mPOST /category/ [32m200[0m 7.004 ms - 494[0m
[0mGET /upload/cat.png [36m304[0m 1.836 ms - -[0m
[0mGET /upload/dog.png [36m304[0m 1.426 ms - -[0m
[0mGET /upload/other.png [36m304[0m 1.270 ms - -[0m
[0mGET /upload/birds.png [36m304[0m 2.506 ms - -[0m
[0mGET /upload/rabbit.png [36m304[0m 2.183 ms - -[0m
[0mPOST /category/ [32m200[0m 10.312 ms - 494[0m
[0mGET /upload/default.jpg [36m304[0m 4.223 ms - -[0m
[0mGET /upload/1618306202182--photo-1507146426996-ef05306b995a.jpeg [36m304[0m 4.000 ms - -[0m
[0mGET /upload/1618306344240--images.jpeg [36m304[0m 1.129 ms - -[0m
[0mGET /upload/1618306360004--fish-1080x675.jpeg [36m304[0m 1.386 ms - -[0m
[0mPOST /category/ [32m200[0m 14.526 ms - 494[0m
[0mGET /upload/1618306368873--goldfish-in-bowl-589015030-57ffe4e05f9b5805c2b07851.jpg [36m304[0m 1.494 ms - -[0m
[0mGET /upload/1618306391906--best-pet-birds-parakeet-1572839068.jpg [36m304[0m 1.206 ms - -[0m
[0mPOST /post/posts [32m200[0m 28.177 ms - 2571[0m
[0mPOST /category/ [32m200[0m 4.264 ms - 494[0m
[0mPOST /category/ [32m200[0m 6.287 ms - 494[0m
[0mGET /upload/1618306422132--fish-sees-you-104652809.jpg [36m304[0m 1.074 ms - -[0m
[0mGET /upload/1618306499628--blog_bucktons_love_pets.jpg [36m304[0m 1.378 ms - -[0m
[0mGET /upload/1618306519512--_112103722_gettyimages-578259314.jpg [36m304[0m 1.290 ms - -[0m
[0mGET /upload/1618306584795--200406_vod_orig_covid_pets_10_hpMain_1x1_992.jpg [36m304[0m 1.163 ms - -[0m
[0mGET /upload/1618306609264--blue-and-green-parakeets.jpg [36m304[0m 1.163 ms - -[0m
[0mPOST /category/ [32m200[0m 8.097 ms - 494[0m
[0mPOST /post/posts [32m200[0m 7.423 ms - 543[0m
[0mPOST /category/ [32m200[0m 5.122 ms - 494[0m
[0mPOST /category/ [32m200[0m 6.107 ms - 494[0m
[0mPOST /category/ [32m200[0m 8.961 ms - 494[0m
[0mGET /upload/1618306704919--1-142043533.gif [36m304[0m 4.435 ms - -[0m
[0mPOST /post/posts [32m200[0m 4.721 ms - 2[0m
[0mPOST /category/ [32m200[0m 9.210 ms - 494[0m
[0mPOST /post/posts [32m200[0m 3.197 ms - 2[0m
[0mGET /comment/get/6075681bd56ff15127ad30f4 [33m400[0m 0.712 ms - 23[0m
[0mGET /favicon.ico [33m400[0m 0.492 ms - 23[0m
[0mPOST /comment/get/6075681bd56ff15127ad30f4 [32m200[0m 16.512 ms - 96[0m
[0mPOST /post/posts [32m200[0m 2.546 ms - 2[0m
[0mPOST /comment/get/6075681bd56ff15127ad30f4 [32m200[0m 5.105 ms - 96[0m
[0mPOST /category/ [32m200[0m 5.813 ms - 494[0m
[0mPOST /post/posts [32m200[0m 34.021 ms - 2490[0m
[0mPOST /category/ [32m200[0m 6.807 ms - 494[0m
[0mGET /upload/cat.png [36m304[0m 1.073 ms - -[0m
[0mGET /upload/dog.png [36m304[0m 0.973 ms - -[0m
[0mGET /upload/other.png [36m304[0m 0.942 ms - -[0m
[0mGET /upload/birds.png [36m304[0m 1.855 ms - -[0m
[0mGET /upload/rabbit.png [36m304[0m 1.827 ms - -[0m
[0mPOST /category/ [32m200[0m 11.487 ms - 494[0m
[0mGET /upload/default.jpg [36m304[0m 1.224 ms - -[0m
[0mGET /upload/1618306202182--photo-1507146426996-ef05306b995a.jpeg [36m304[0m 1.070 ms - -[0m
[0mGET /upload/1618306344240--images.jpeg [36m304[0m 1.206 ms - -[0m
[0mGET /upload/1618306368873--goldfish-in-bowl-589015030-57ffe4e05f9b5805c2b07851.jpg [36m304[0m 1.290 ms - -[0m
[0mGET /upload/1618306360004--fish-1080x675.jpeg [36m304[0m 2.023 ms - -[0m
[0mPOST /category/ [32m200[0m 9.866 ms - 494[0m
[0mGET /upload/1618306391906--best-pet-birds-parakeet-1572839068.jpg [36m304[0m 1.077 ms - -[0m
[0mPOST /post/posts [32m200[0m 24.729 ms - 2571[0m
[0mPOST /category/ [32m200[0m 3.733 ms - 494[0m
[0mPOST /category/ [32m200[0m 4.104 ms - 494[0m
[0mGET /upload/1618306422132--fish-sees-you-104652809.jpg [36m304[0m 1.123 ms - -[0m
[0mGET /upload/1618306499628--blog_bucktons_love_pets.jpg [36m304[0m 1.310 ms - -[0m
[0mGET /upload/1618306519512--_112103722_gettyimages-578259314.jpg [36m304[0m 1.179 ms - -[0m
[0mGET /upload/1618306584795--200406_vod_orig_covid_pets_10_hpMain_1x1_992.jpg [36m304[0m 1.240 ms - -[0m
[0mGET /upload/1618306609264--blue-and-green-parakeets.jpg [36m304[0m 2.214 ms - -[0m
[0mPOST /category/ [32m200[0m 5.529 ms - 494[0m
[0mPOST /post/posts [32m200[0m 14.022 ms - 543[0m
[0mPOST /category/ [32m200[0m 9.232 ms - 494[0m
[0mPOST /category/ [32m200[0m 6.010 ms - 494[0m
[0mGET /upload/1618306704919--1-142043533.gif [36m304[0m 0.811 ms - -[0m
[0mPOST /comment/get/6075681bd56ff15127ad30f4 [32m200[0m 16.676 ms - 96[0m
[0mPOST /category/ [32m200[0m 24.578 ms - 494[0m
[0mPOST /category/ [32m200[0m 7.924 ms - 494[0m
[0mPOST /post/posts [32m200[0m 42.242 ms - 2490[0m
[0mPOST /category/ [32m200[0m 18.188 ms - 494[0m
[0mPOST /category/ [32m200[0m 15.307 ms - 494[0m
[0mPOST /category/ [32m200[0m 5.969 ms - 494[0m
[0mPOST /post/posts [32m200[0m 11.077 ms - 2571[0m
[0mPOST /category/ [32m200[0m 10.279 ms - 494[0m
[0mPOST /category/ [32m200[0m 14.471 ms - 494[0m
[0mPOST /category/ [32m200[0m 6.867 ms - 494[0m
[0mPOST /post/posts [32m200[0m 5.077 ms - 543[0m
[0mPOST /category/ [32m200[0m 4.608 ms - 494[0m
[0mPOST /category/ [32m200[0m 5.006 ms - 494[0m
[0mPOST /comment/get/6075681bd56ff15127ad30f4 [32m200[0m 4.713 ms - 96[0m
[0mPOST /category/ [32m200[0m 6.041 ms - 494[0m
[0mPOST /category/ [32m200[0m 7.321 ms - 494[0m
[0mPOST /post/posts [32m200[0m 16.521 ms - 2490[0m
[0mPOST /category/ [32m200[0m 4.754 ms - 494[0m
[0mPOST /category/ [32m200[0m 4.529 ms - 494[0m
[0mPOST /category/ [32m200[0m 6.220 ms - 494[0m
[0mPOST /post/posts [32m200[0m 51.900 ms - 2571[0m
[0mPOST /category/ [32m200[0m 9.641 ms - 494[0m
[0mPOST /category/ [32m200[0m 8.829 ms - 494[0m
[0mPOST /category/ [32m200[0m 4.791 ms - 494[0m
[0mPOST /post/posts [32m200[0m 8.165 ms - 543[0m
[0mPOST /category/ [32m200[0m 5.557 ms - 494[0m
[0mPOST /category/ [32m200[0m 9.372 ms - 494[0m
[0mPOST /comment/get/6075681bd56ff15127ad30f4 [32m200[0m 7.202 ms - 96[0m
[0mPOST /category/ [32m200[0m 14.414 ms - 494[0m
[0mPOST /comment/get/6075681bd56ff15127ad30f4 [32m200[0m 12.866 ms - 96[0m
[0mPOST /comment/get/6075681bd56ff15127ad30f4 [32m200[0m 4.301 ms - 96[0m
[0mPOST /post/posts [32m200[0m 3.180 ms - 2[0m
[0mPOST /category/ [32m200[0m 5.371 ms - 494[0m
[0mPOST /comment/get/6075681bd56ff15127ad30f4 [32m200[0m 6.991 ms - 96[0m
[0mPOST /comment/get/6075681bd56ff15127ad30f4 [32m200[0m 5.449 ms - 96[0m
[0mPOST /comment/get/6075681bd56ff15127ad30f4 [32m200[0m 7.277 ms - 96[0m
[0mPOST /comment/get/6075681bd56ff15127ad30f4 [32m200[0m 4.818 ms - 96[0m
[0mPOST /comment/get/6075681bd56ff15127ad30f4 [32m200[0m 3.870 ms - 96[0m
[0mPOST /comment/get/6075681bd56ff15127ad30f4 [32m200[0m 5.714 ms - 96[0m
[0mPOST /comment/get/6075681bd56ff15127ad30f4 [32m200[0m 3.470 ms - 96[0m
[0mPOST /comment/get/6075681bd56ff15127ad30f4 [32m200[0m 4.439 ms - 96[0m
[0mPOST /comment/get/6075681bd56ff15127ad30f4 [32m200[0m 3.947 ms - 96[0m
[0mPOST /comment/get/6075681bd56ff15127ad30f4 [32m200[0m 3.696 ms - 96[0m
[0mPOST /comment/get/6075681bd56ff15127ad30f4 [32m200[0m 12.469 ms - 96[0m
[0mPOST /comment/get/6075681bd56ff15127ad30f4 [32m200[0m 3.780 ms - 96[0m
[0mPOST /comment/get/6075681bd56ff15127ad30f4 [32m200[0m 3.786 ms - 96[0m
[0mPOST /comment/get/6075681bd56ff15127ad30f4 [32m200[0m 5.631 ms - 96[0m
[0mPOST /comment/get/6075681bd56ff15127ad30f4 [32m200[0m 4.356 ms - 96[0m
[0mPOST /comment/get/6075681bd56ff15127ad30f4 [32m200[0m 4.951 ms - 96[0m
[0mPOST /comment/get/6075681bd56ff15127ad30f4 [32m200[0m 4.363 ms - 96[0m
[0mPOST /comment/get/6075681bd56ff15127ad30f4 [32m200[0m 4.188 ms - 96[0m
[0mPOST /comment/get/6075681bd56ff15127ad30f4 [32m200[0m 6.667 ms - 96[0m
[0mPOST /comment/get/6075681bd56ff15127ad30f4 [32m200[0m 3.952 ms - 96[0m
[0mPOST /comment/get/6075681bd56ff15127ad30f4 [32m200[0m 3.777 ms - 96[0m
[0mPOST /comment/get/6075681bd56ff15127ad30f4 [32m200[0m 8.106 ms - 96[0m
[0mPOST /comment/get/6075681bd56ff15127ad30f4 [32m200[0m 4.079 ms - 96[0m
[0mPOST /comment/get/6075681bd56ff15127ad30f4 [32m200[0m 3.762 ms - 96[0m
[0mPOST /comment/get/6075681bd56ff15127ad30f4 [32m200[0m 4.269 ms - 96[0m
[0mPOST /comment/get/6075681bd56ff15127ad30f4 [32m200[0m 3.238 ms - 96[0m
[0mPOST /comment/get/6075681bd56ff15127ad30f4 [32m200[0m 3.907 ms - 96[0m
[0mPOST /comment/get/6075681bd56ff15127ad30f4 [32m200[0m 6.339 ms - 96[0m
[0mPOST /comment/get/6075681bd56ff15127ad30f4 [32m200[0m 4.400 ms - 96[0m
[0mPOST /comment/get/6075681bd56ff15127ad30f4 [32m200[0m 5.223 ms - 96[0m
[0mPOST /comment/get/6075681bd56ff15127ad30f4 [32m200[0m 7.313 ms - 96[0m
[0mPOST /comment/get/6075681bd56ff15127ad30f4 [32m200[0m 7.132 ms - 96[0m
[0mPOST /comment/get/6075681bd56ff15127ad30f4 [32m200[0m 6.849 ms - 96[0m
[0mPOST /comment/get/6075681bd56ff15127ad30f4 [32m200[0m 5.614 ms - 96[0m
[0mPOST /comment/get/6075681bd56ff15127ad30f4 [32m200[0m 7.331 ms - 96[0m
[0mPOST /comment/get/6075681bd56ff15127ad30f4 [32m200[0m 8.897 ms - 96[0m
[0mPOST /comment/get/6075681bd56ff15127ad30f4 [32m200[0m 7.161 ms - 96[0m
[0mPOST /comment/get/6075681bd56ff15127ad30f4 [32m200[0m 4.443 ms - 96[0m
[0mPOST /comment/get/6075681bd56ff15127ad30f4 [32m200[0m 5.674 ms - 96[0m
[0mPOST /comment/get/6075681bd56ff15127ad30f4 [32m200[0m 5.733 ms - 96[0m
[0mPOST /comment/get/6075681bd56ff15127ad30f4 [32m200[0m 3.328 ms - 96[0m
[0mPOST /comment/get/6075681bd56ff15127ad30f4 [32m200[0m 5.832 ms - 96[0m
[0mPOST /comment/get/6075681bd56ff15127ad30f4 [32m200[0m 4.465 ms - 96[0m
[0mPOST /comment/get/6075681bd56ff15127ad30f4 [32m200[0m 2.817 ms - 96[0m
[0mPOST /comment/get/6075681bd56ff15127ad30f4 [32m200[0m 5.623 ms - 96[0m
[0mPOST /comment/get/6075681bd56ff15127ad30f4 [32m200[0m 6.989 ms - 96[0m
[0mPOST /comment/get/6075681bd56ff15127ad30f4 [32m200[0m 3.520 ms - 96[0m
[0mPOST /comment/get/6075681bd56ff15127ad30f4 [32m200[0m 4.213 ms - 96[0m
[0mPOST /comment/get/6075681bd56ff15127ad30f4 [32m200[0m 3.382 ms - 96[0m
[0mPOST /comment/get/6075681bd56ff15127ad30f4 [32m200[0m 4.110 ms - 96[0m
[0mPOST /comment/get/6075681bd56ff15127ad30f4 [32m200[0m 4.195 ms - 96[0m
[0mPOST /comment/get/6075681bd56ff15127ad30f4 [32m200[0m 4.212 ms - 96[0m
[0mPOST /comment/get/6075681bd56ff15127ad30f4 [32m200[0m 5.479 ms - 96[0m
[0mPOST /comment/get/6075681bd56ff15127ad30f4 [32m200[0m 5.371 ms - 96[0m
[0mPOST /comment/get/6075681bd56ff15127ad30f4 [32m200[0m 3.907 ms - 96[0m
[0mPOST /comment/get/6075681bd56ff15127ad30f4 [32m200[0m 2.938 ms - 96[0m
[0mPOST /comment/get/6075681bd56ff15127ad30f4 [32m200[0m 5.042 ms - 96[0m
[0mPOST /comment/get/6075681bd56ff15127ad30f4 [32m200[0m 4.381 ms - 96[0m
[0mPOST /comment/get/6075681bd56ff15127ad30f4 [32m200[0m 6.212 ms - 96[0m
[0mPOST /comment/get/6075681bd56ff15127ad30f4 [32m200[0m 5.444 ms - 96[0m
[0mPOST /comment/get/6075681bd56ff15127ad30f4 [32m200[0m 5.151 ms - 96[0m
[0mPOST /comment/get/6075681bd56ff15127ad30f4 [32m200[0m 6.997 ms - 96[0m
[0mPOST /comment/get/6075681bd56ff15127ad30f4 [32m200[0m 5.572 ms - 96[0m
[0mPOST /comment/get/6075681bd56ff15127ad30f4 [32m200[0m 5.117 ms - 96[0m
[0mPOST /comment/get/6075681bd56ff15127ad30f4 [32m200[0m 3.251 ms - 96[0m
[0mPOST /comment/get/6075681bd56ff15127ad30f4 [32m200[0m 3.815 ms - 96[0m
[0mPOST /comment/get/6075681bd56ff15127ad30f4 [32m200[0m 5.780 ms - 96[0m
[0mPOST /comment/get/6075681bd56ff15127ad30f4 [32m200[0m 4.987 ms - 96[0m
[0mPOST /comment/get/6075681bd56ff15127ad30f4 [32m200[0m 5.592 ms - 96[0m
[0mPOST /comment/get/6075681bd56ff15127ad30f4 [32m200[0m 3.533 ms - 96[0m
[0mPOST /comment/get/6075681bd56ff15127ad30f4 [32m200[0m 10.382 ms - 96[0m
[0mPOST /comment/get/6075681bd56ff15127ad30f4 [32m200[0m 5.078 ms - 96[0m
[0mPOST /comment/get/6075681bd56ff15127ad30f4 [32m200[0m 2.920 ms - 96[0m
[0mPOST /comment/get/6075681bd56ff15127ad30f4 [32m200[0m 2.943 ms - 96[0m
[0mPOST /comment/get/6075681bd56ff15127ad30f4 [32m200[0m 3.516 ms - 96[0m
[0mPOST /comment/get/6075681bd56ff15127ad30f4 [32m200[0m 5.891 ms - 96[0m
[0mPOST /comment/get/6075681bd56ff15127ad30f4 [32m200[0m 16.003 ms - 96[0m
[0mPOST /comment/get/6075681bd56ff15127ad30f4 [32m200[0m 6.811 ms - 96[0m
[0mPOST /comment/get/6075681bd56ff15127ad30f4 [32m200[0m 4.414 ms - 96[0m
[0mPOST /comment/get/6075681bd56ff15127ad30f4 [32m200[0m 3.718 ms - 96[0m
[0mPOST /comment/get/6075681bd56ff15127ad30f4 [32m200[0m 2.570 ms - 96[0m
[0mPOST /comment/get/6075681bd56ff15127ad30f4 [32m200[0m 5.045 ms - 96[0m
[0mPOST /comment/get/6075681bd56ff15127ad30f4 [32m200[0m 5.511 ms - 96[0m
[0mPOST /comment/get/6075681bd56ff15127ad30f4 [32m200[0m 4.640 ms - 96[0m
[0mPOST /comment/get/6075681bd56ff15127ad30f4 [32m200[0m 3.636 ms - 96[0m
[0mPOST /comment/get/6075681bd56ff15127ad30f4 [32m200[0m 6.632 ms - 96[0m
[0mPOST /comment/get/6075681bd56ff15127ad30f4 [32m200[0m 3.584 ms - 96[0m
[0mPOST /comment/get/6075681bd56ff15127ad30f4 [32m200[0m 3.849 ms - 96[0m
[0mPOST /comment/get/6075681bd56ff15127ad30f4 [32m200[0m 3.992 ms - 96[0m
[0mPOST /comment/get/6075681bd56ff15127ad30f4 [32m200[0m 9.221 ms - 96[0m
[0mPOST /comment/get/6075681bd56ff15127ad30f4 [32m200[0m 5.472 ms - 96[0m
[0mPOST /comment/get/6075681bd56ff15127ad30f4 [32m200[0m 9.915 ms - 96[0m
[0mPOST /comment/get/6075681bd56ff15127ad30f4 [32m200[0m 6.917 ms - 96[0m
[0mPOST /comment/get/6075681bd56ff15127ad30f4 [32m200[0m 5.089 ms - 96[0m
[0mPOST /comment/get/6075681bd56ff15127ad30f4 [32m200[0m 4.008 ms - 96[0m
[0mPOST /comment/get/6075681bd56ff15127ad30f4 [32m200[0m 3.047 ms - 96[0m
[0mPOST /comment/get/6075681bd56ff15127ad30f4 [32m200[0m 2.907 ms - 96[0m
[0mPOST /comment/get/6075681bd56ff15127ad30f4 [32m200[0m 4.777 ms - 96[0m
[0mPOST /comment/get/6075681bd56ff15127ad30f4 [32m200[0m 3.657 ms - 96[0m
[0mPOST /comment/get/6075681bd56ff15127ad30f4 [32m200[0m 3.808 ms - 96[0m
[0mPOST /comment/get/6075681bd56ff15127ad30f4 [32m200[0m 4.148 ms - 96[0m
[0mPOST /comment/get/6075681bd56ff15127ad30f4 [32m200[0m 3.855 ms - 96[0m
[0mPOST /comment/get/6075681bd56ff15127ad30f4 [32m200[0m 4.600 ms - 96[0m
[0mPOST /comment/get/6075681bd56ff15127ad30f4 [32m200[0m 3.213 ms - 96[0m
[0mPOST /comment/get/6075681bd56ff15127ad30f4 [32m200[0m 3.461 ms - 96[0m
[0mPOST /comment/get/6075681bd56ff15127ad30f4 [32m200[0m 3.787 ms - 96[0m
[0mPOST /comment/get/6075681bd56ff15127ad30f4 [32m200[0m 5.515 ms - 96[0m
[0mPOST /comment/get/6075681bd56ff15127ad30f4 [32m200[0m 5.023 ms - 96[0m
[0mPOST /comment/get/6075681bd56ff15127ad30f4 [32m200[0m 6.220 ms - 96[0m
[0mPOST /comment/get/6075681bd56ff15127ad30f4 [32m200[0m 4.224 ms - 96[0m
[0mPOST /comment/get/6075681bd56ff15127ad30f4 [32m200[0m 3.981 ms - 96[0m
[0mPOST /comment/get/6075681bd56ff15127ad30f4 [32m200[0m 3.647 ms - 96[0m
[0mPOST /comment/get/6075681bd56ff15127ad30f4 [32m200[0m 3.410 ms - 96[0m
[0mPOST /comment/get/6075681bd56ff15127ad30f4 [32m200[0m 3.645 ms - 96[0m
[0mPOST /comment/get/6075681bd56ff15127ad30f4 [32m200[0m 3.119 ms - 96[0m
[0mPOST /comment/get/6075681bd56ff15127ad30f4 [32m200[0m 2.856 ms - 96[0m
[0mPOST /comment/get/6075681bd56ff15127ad30f4 [32m200[0m 4.323 ms - 96[0m
[0mPOST /comment/get/6075681bd56ff15127ad30f4 [32m200[0m 3.915 ms - 96[0m
[0mPOST /comment/get/6075681bd56ff15127ad30f4 [32m200[0m 4.203 ms - 96[0m
[0mPOST /comment/get/6075681bd56ff15127ad30f4 [32m200[0m 7.801 ms - 96[0m
[0mPOST /comment/get/6075681bd56ff15127ad30f4 [32m200[0m 4.929 ms - 96[0m
[0mPOST /comment/get/6075681bd56ff15127ad30f4 [32m200[0m 4.130 ms - 96[0m
[0mPOST /comment/get/6075681bd56ff15127ad30f4 [32m200[0m 5.540 ms - 96[0m
[0mPOST /comment/get/6075681bd56ff15127ad30f4 [32m200[0m 9.475 ms - 96[0m
[0mPOST /comment/get/6075681bd56ff15127ad30f4 [32m200[0m 8.156 ms - 96[0m
[0mPOST /comment/get/6075681bd56ff15127ad30f4 [32m200[0m 3.164 ms - 96[0m
[0mPOST /comment/get/6075681bd56ff15127ad30f4 [32m200[0m 5.612 ms - 96[0m
[0mPOST /comment/get/6075681bd56ff15127ad30f4 [32m200[0m 7.620 ms - 96[0m
[0mPOST /comment/get/6075681bd56ff15127ad30f4 [32m200[0m 3.502 ms - 96[0m
[0mPOST /comment/get/6075681bd56ff15127ad30f4 [32m200[0m 4.251 ms - 96[0m
[0mPOST /comment/get/6075681bd56ff15127ad30f4 [32m200[0m 5.663 ms - 96[0m
[0mPOST /comment/get/6075681bd56ff15127ad30f4 [32m200[0m 5.185 ms - 96[0m
[0mPOST /comment/get/6075681bd56ff15127ad30f4 [32m200[0m 4.651 ms - 96[0m
[0mPOST /comment/get/6075681bd56ff15127ad30f4 [32m200[0m 5.395 ms - 96[0m
[0mPOST /comment/get/6075681bd56ff15127ad30f4 [32m200[0m 6.152 ms - 96[0m
[0mPOST /comment/get/6075681bd56ff15127ad30f4 [32m200[0m 3.470 ms - 96[0m
[0mPOST /comment/get/6075681bd56ff15127ad30f4 [32m200[0m 4.265 ms - 96[0m
[0mPOST /comment/get/6075681bd56ff15127ad30f4 [32m200[0m 3.296 ms - 96[0m
[0mPOST /comment/get/6075681bd56ff15127ad30f4 [32m200[0m 5.343 ms - 96[0m
[0mPOST /comment/get/6075681bd56ff15127ad30f4 [32m200[0m 25.579 ms - 96[0m
[0mPOST /comment/get/6075681bd56ff15127ad30f4 [32m200[0m 14.905 ms - 96[0m
[0mPOST /comment/get/6075681bd56ff15127ad30f4 [32m200[0m 14.668 ms - 96[0m
[0mPOST /comment/get/6075681bd56ff15127ad30f4 [32m200[0m 4.145 ms - 96[0m
[0mPOST /comment/get/6075681bd56ff15127ad30f4 [32m200[0m 4.559 ms - 96[0m
[0mPOST /comment/get/6075681bd56ff15127ad30f4 [32m200[0m 4.765 ms - 96[0m
[0mPOST /comment/get/6075681bd56ff15127ad30f4 [32m200[0m 11.463 ms - 96[0m
[0mPOST /comment/get/6075681bd56ff15127ad30f4 [32m200[0m 6.369 ms - 96[0m
[0mPOST /comment/get/6075681bd56ff15127ad30f4 [32m200[0m 5.406 ms - 96[0m
[0mPOST /comment/get/6075681bd56ff15127ad30f4 [32m200[0m 3.960 ms - 96[0m
[0mPOST /comment/get/6075681bd56ff15127ad30f4 [32m200[0m 3.283 ms - 96[0m
[0mPOST /comment/get/6075681bd56ff15127ad30f4 [32m200[0m 3.860 ms - 96[0m
[0mPOST /comment/get/6075681bd56ff15127ad30f4 [32m200[0m 5.417 ms - 96[0m
[0mPOST /comment/get/6075681bd56ff15127ad30f4 [32m200[0m 5.564 ms - 96[0m
[0mPOST /comment/get/6075681bd56ff15127ad30f4 [32m200[0m 3.376 ms - 96[0m
[0mPOST /comment/get/6075681bd56ff15127ad30f4 [32m200[0m 5.264 ms - 96[0m
[0mPOST /comment/get/6075681bd56ff15127ad30f4 [32m200[0m 3.326 ms - 96[0m
[0mPOST /comment/get/6075681bd56ff15127ad30f4 [32m200[0m 6.533 ms - 96[0m
[0mPOST /comment/get/6075681bd56ff15127ad30f4 [32m200[0m 4.533 ms - 96[0m
[0mPOST /comment/get/6075681bd56ff15127ad30f4 [32m200[0m 2.729 ms - 96[0m
[0mPOST /comment/get/6075681bd56ff15127ad30f4 [32m200[0m 3.626 ms - 96[0m
[0mPOST /comment/get/6075681bd56ff15127ad30f4 [32m200[0m 5.518 ms - 96[0m
[0mPOST /comment/get/6075681bd56ff15127ad30f4 [32m200[0m 3.845 ms - 96[0m
[0mPOST /comment/get/6075681bd56ff15127ad30f4 [32m200[0m 4.532 ms - 96[0m
[0mPOST /comment/get/6075681bd56ff15127ad30f4 [32m200[0m 8.179 ms - 96[0m
[0mPOST /comment/get/6075681bd56ff15127ad30f4 [32m200[0m 5.603 ms - 96[0m
[0mPOST /comment/get/6075681bd56ff15127ad30f4 [32m200[0m 4.520 ms - 96[0m
[0mPOST /comment/get/6075681bd56ff15127ad30f4 [32m200[0m 4.505 ms - 96[0m
[0mPOST /comment/get/6075681bd56ff15127ad30f4 [32m200[0m 3.464 ms - 96[0m
[0mPOST /comment/get/6075681bd56ff15127ad30f4 [32m200[0m 4.906 ms - 96[0m
[0mPOST /comment/get/6075681bd56ff15127ad30f4 [32m200[0m 5.530 ms - 96[0m
[0mPOST /comment/get/6075681bd56ff15127ad30f4 [32m200[0m 5.598 ms - 96[0m
[0mPOST /comment/get/6075681bd56ff15127ad30f4 [32m200[0m 3.921 ms - 96[0m
[0mPOST /comment/get/6075681bd56ff15127ad30f4 [32m200[0m 3.703 ms - 96[0m
[0mPOST /comment/get/6075681bd56ff15127ad30f4 [32m200[0m 3.879 ms - 96[0m
[0mPOST /comment/get/6075681bd56ff15127ad30f4 [32m200[0m 3.838 ms - 96[0m
[0mPOST /comment/get/6075681bd56ff15127ad30f4 [32m200[0m 20.531 ms - 96[0m
[0mPOST /comment/get/6075681bd56ff15127ad30f4 [32m200[0m 7.231 ms - 96[0m
[0mPOST /comment/get/6075681bd56ff15127ad30f4 [32m200[0m 6.443 ms - 96[0m
[0mPOST /comment/get/6075681bd56ff15127ad30f4 [32m200[0m 3.913 ms - 96[0m
[0mPOST /comment/get/6075681bd56ff15127ad30f4 [32m200[0m 6.558 ms - 96[0m
[0mPOST /comment/get/6075681bd56ff15127ad30f4 [32m200[0m 3.550 ms - 96[0m
[0mPOST /comment/get/6075681bd56ff15127ad30f4 [32m200[0m 4.470 ms - 96[0m
[0mPOST /comment/get/6075681bd56ff15127ad30f4 [32m200[0m 3.654 ms - 96[0m
[0mPOST /comment/get/6075681bd56ff15127ad30f4 [32m200[0m 4.036 ms - 96[0m
[0mPOST /comment/get/6075681bd56ff15127ad30f4 [32m200[0m 3.903 ms - 96[0m
[0mPOST /comment/get/6075681bd56ff15127ad30f4 [32m200[0m 6.904 ms - 96[0m
[0mPOST /comment/get/6075681bd56ff15127ad30f4 [32m200[0m 3.881 ms - 96[0m
[0mPOST /comment/get/6075681bd56ff15127ad30f4 [32m200[0m 9.689 ms - 96[0m
[0mPOST /comment/get/6075681bd56ff15127ad30f4 [32m200[0m 4.046 ms - 96[0m
[0mPOST /comment/get/6075681bd56ff15127ad30f4 [32m200[0m 5.479 ms - 96[0m
[0mPOST /comment/get/6075681bd56ff15127ad30f4 [32m200[0m 3.832 ms - 96[0m
[0mPOST /comment/get/6075681bd56ff15127ad30f4 [32m200[0m 6.765 ms - 96[0m
[0mPOST /comment/get/6075681bd56ff15127ad30f4 [32m200[0m 3.297 ms - 96[0m
[0mPOST /comment/get/6075681bd56ff15127ad30f4 [32m200[0m 2.687 ms - 96[0m
[0mPOST /comment/get/6075681bd56ff15127ad30f4 [32m200[0m 3.809 ms - 96[0m
[0mPOST /comment/get/6075681bd56ff15127ad30f4 [32m200[0m 5.709 ms - 96[0m
[0mPOST /comment/get/6075681bd56ff15127ad30f4 [32m200[0m 4.894 ms - 96[0m
[0mPOST /comment/get/6075681bd56ff15127ad30f4 [32m200[0m 2.974 ms - 96[0m
[0mPOST /comment/get/6075681bd56ff15127ad30f4 [32m200[0m 5.143 ms - 96[0m
[0mPOST /comment/get/6075681bd56ff15127ad30f4 [32m200[0m 11.043 ms - 96[0m
[0mPOST /comment/get/6075681bd56ff15127ad30f4 [32m200[0m 5.188 ms - 96[0m
[0mPOST /comment/get/6075681bd56ff15127ad30f4 [32m200[0m 4.601 ms - 96[0m
[0mPOST /comment/get/6075681bd56ff15127ad30f4 [32m200[0m 3.258 ms - 96[0m
[0mPOST /comment/get/6075681bd56ff15127ad30f4 [32m200[0m 3.713 ms - 96[0m
[0mPOST /comment/get/6075681bd56ff15127ad30f4 [32m200[0m 5.669 ms - 96[0m
[0mPOST /comment/get/6075681bd56ff15127ad30f4 [32m200[0m 4.123 ms - 96[0m
[0mPOST /comment/get/6075681bd56ff15127ad30f4 [32m200[0m 6.960 ms - 96[0m
[0mPOST /comment/get/6075681bd56ff15127ad30f4 [32m200[0m 3.589 ms - 96[0m
[0mPOST /comment/get/6075681bd56ff15127ad30f4 [32m200[0m 4.601 ms - 96[0m
[0mPOST /comment/get/6075681bd56ff15127ad30f4 [32m200[0m 3.051 ms - 96[0m
[0mPOST /comment/get/6075681bd56ff15127ad30f4 [32m200[0m 3.958 ms - 96[0m
[0mPOST /comment/get/6075681bd56ff15127ad30f4 [32m200[0m 4.925 ms - 96[0m
[0mPOST /comment/get/6075681bd56ff15127ad30f4 [32m200[0m 4.086 ms - 96[0m
[0mPOST /comment/get/6075681bd56ff15127ad30f4 [32m200[0m 2.879 ms - 96[0m
[0mPOST /comment/get/6075681bd56ff15127ad30f4 [32m200[0m 3.603 ms - 96[0m
[0mPOST /comment/get/6075681bd56ff15127ad30f4 [32m200[0m 3.303 ms - 96[0m
[0mPOST /comment/get/6075681bd56ff15127ad30f4 [32m200[0m 5.685 ms - 96[0m
[0mPOST /comment/get/6075681bd56ff15127ad30f4 [32m200[0m 3.135 ms - 96[0m
[0mPOST /comment/get/6075681bd56ff15127ad30f4 [32m200[0m 4.108 ms - 96[0m
[0mPOST /comment/get/6075681bd56ff15127ad30f4 [32m200[0m 4.239 ms - 96[0m
[0mPOST /comment/get/6075681bd56ff15127ad30f4 [32m200[0m 3.178 ms - 96[0m
[0mPOST /comment/get/6075681bd56ff15127ad30f4 [32m200[0m 3.914 ms - 96[0m
[0mPOST /comment/get/6075681bd56ff15127ad30f4 [32m200[0m 4.073 ms - 96[0m
[0mPOST /comment/get/6075681bd56ff15127ad30f4 [32m200[0m 9.102 ms - 96[0m
[0mPOST /comment/get/6075681bd56ff15127ad30f4 [32m200[0m 3.460 ms - 96[0m
[0mPOST /comment/get/6075681bd56ff15127ad30f4 [32m200[0m 3.164 ms - 96[0m
[0mPOST /comment/get/6075681bd56ff15127ad30f4 [32m200[0m 3.838 ms - 96[0m
[0mPOST /comment/get/6075681bd56ff15127ad30f4 [32m200[0m 3.452 ms - 96[0m
[0mPOST /comment/get/6075681bd56ff15127ad30f4 [32m200[0m 4.439 ms - 96[0m
[0mPOST /comment/get/6075681bd56ff15127ad30f4 [32m200[0m 3.953 ms - 96[0m
[0mPOST /comment/get/6075681bd56ff15127ad30f4 [32m200[0m 4.504 ms - 96[0m
[0mPOST /comment/get/6075681bd56ff15127ad30f4 [32m200[0m 4.794 ms - 96[0m
[0mPOST /comment/get/6075681bd56ff15127ad30f4 [32m200[0m 2.931 ms - 96[0m
[0mPOST /comment/get/6075681bd56ff15127ad30f4 [32m200[0m 4.913 ms - 96[0m
[0mPOST /comment/get/6075681bd56ff15127ad30f4 [32m200[0m 3.682 ms - 96[0m
[0mPOST /comment/get/6075681bd56ff15127ad30f4 [32m200[0m 4.194 ms - 96[0m
[0mPOST /comment/get/6075681bd56ff15127ad30f4 [32m200[0m 3.034 ms - 96[0m
[0mPOST /comment/get/6075681bd56ff15127ad30f4 [32m200[0m 3.026 ms - 96[0m
[0mPOST /comment/get/6075681bd56ff15127ad30f4 [32m200[0m 3.321 ms - 96[0m
[0mPOST /comment/get/6075681bd56ff15127ad30f4 [32m200[0m 3.505 ms - 96[0m
[0mPOST /comment/get/6075681bd56ff15127ad30f4 [32m200[0m 4.175 ms - 96[0m
[0mPOST /comment/get/6075681bd56ff15127ad30f4 [32m200[0m 3.532 ms - 96[0m
[0mPOST /comment/get/6075681bd56ff15127ad30f4 [32m200[0m 5.527 ms - 96[0m
[0mPOST /comment/get/6075681bd56ff15127ad30f4 [32m200[0m 2.611 ms - 96[0m
[0mPOST /comment/get/6075681bd56ff15127ad30f4 [32m200[0m 2.468 ms - 96[0m
[0mPOST /comment/get/6075681bd56ff15127ad30f4 [32m200[0m 6.226 ms - 96[0m
[0mPOST /comment/get/6075681bd56ff15127ad30f4 [32m200[0m 3.421 ms - 96[0m
[0mPOST /comment/get/6075681bd56ff15127ad30f4 [32m200[0m 4.091 ms - 96[0m
[0mPOST /comment/get/6075681bd56ff15127ad30f4 [32m200[0m 4.020 ms - 96[0m
[0mPOST /comment/get/6075681bd56ff15127ad30f4 [32m200[0m 4.860 ms - 96[0m
[0mPOST /comment/get/6075681bd56ff15127ad30f4 [32m200[0m 3.828 ms - 96[0m
[0mPOST /comment/get/6075681bd56ff15127ad30f4 [32m200[0m 3.150 ms - 96[0m
[0mPOST /comment/get/6075681bd56ff15127ad30f4 [32m200[0m 3.966 ms - 96[0m
[0mPOST /comment/get/6075681bd56ff15127ad30f4 [32m200[0m 3.375 ms - 96[0m
[0mPOST /comment/get/6075681bd56ff15127ad30f4 [32m200[0m 2.977 ms - 96[0m
[0mPOST /comment/get/6075681bd56ff15127ad30f4 [32m200[0m 3.925 ms - 96[0m
[0mPOST /comment/get/6075681bd56ff15127ad30f4 [32m200[0m 4.141 ms - 96[0m
[0mPOST /comment/get/6075681bd56ff15127ad30f4 [32m200[0m 3.813 ms - 96[0m
[0mPOST /comment/get/6075681bd56ff15127ad30f4 [32m200[0m 7.297 ms - 96[0m
[0mPOST /comment/get/6075681bd56ff15127ad30f4 [32m200[0m 3.463 ms - 96[0m
[0mPOST /comment/get/6075681bd56ff15127ad30f4 [32m200[0m 3.865 ms - 96[0m
[0mPOST /comment/get/6075681bd56ff15127ad30f4 [32m200[0m 4.170 ms - 96[0m
[0mPOST /comment/get/6075681bd56ff15127ad30f4 [32m200[0m 3.317 ms - 96[0m
[0mPOST /comment/get/6075681bd56ff15127ad30f4 [32m200[0m 3.976 ms - 96[0m
[0mPOST /comment/get/6075681bd56ff15127ad30f4 [32m200[0m 3.806 ms - 96[0m
[0mPOST /comment/get/6075681bd56ff15127ad30f4 [32m200[0m 2.929 ms - 96[0m
[0mPOST /comment/get/6075681bd56ff15127ad30f4 [32m200[0m 3.743 ms - 96[0m
[0mPOST /comment/get/6075681bd56ff15127ad30f4 [32m200[0m 4.736 ms - 96[0m
[0mPOST /comment/get/6075681bd56ff15127ad30f4 [32m200[0m 4.090 ms - 96[0m
[0mPOST /comment/get/6075681bd56ff15127ad30f4 [32m200[0m 4.132 ms - 96[0m
[0mPOST /comment/get/6075681bd56ff15127ad30f4 [32m200[0m 6.558 ms - 96[0m
[0mPOST /comment/get/6075681bd56ff15127ad30f4 [32m200[0m 10.664 ms - 96[0m
[0mPOST /comment/get/6075681bd56ff15127ad30f4 [32m200[0m 3.796 ms - 96[0m
[0mPOST /comment/get/6075681bd56ff15127ad30f4 [32m200[0m 3.525 ms - 96[0m
[0mPOST /comment/get/6075681bd56ff15127ad30f4 [32m200[0m 7.031 ms - 96[0m
[0mPOST /comment/get/6075681bd56ff15127ad30f4 [32m200[0m 8.230 ms - 96[0m
[0mPOST /comment/get/6075681bd56ff15127ad30f4 [32m200[0m 4.638 ms - 96[0m
[0mPOST /comment/get/6075681bd56ff15127ad30f4 [32m200[0m 3.851 ms - 96[0m
[0mPOST /comment/get/6075681bd56ff15127ad30f4 [32m200[0m 3.133 ms - 96[0m
[0mPOST /comment/get/6075681bd56ff15127ad30f4 [32m200[0m 5.127 ms - 96[0m
[0mPOST /comment/get/6075681bd56ff15127ad30f4 [32m200[0m 2.516 ms - 96[0m
[0mPOST /comment/get/6075681bd56ff15127ad30f4 [32m200[0m 3.090 ms - 96[0m
[0mPOST /comment/get/6075681bd56ff15127ad30f4 [32m200[0m 3.645 ms - 96[0m
[0mPOST /comment/get/6075681bd56ff15127ad30f4 [32m200[0m 10.854 ms - 96[0m
[0mPOST /comment/get/6075681bd56ff15127ad30f4 [32m200[0m 3.565 ms - 96[0m
[0mPOST /comment/get/6075681bd56ff15127ad30f4 [32m200[0m 3.008 ms - 96[0m
[0mPOST /comment/get/6075681bd56ff15127ad30f4 [32m200[0m 6.424 ms - 96[0m
[0mPOST /comment/get/6075681bd56ff15127ad30f4 [32m200[0m 3.257 ms - 96[0m
[0mPOST /comment/get/6075681bd56ff15127ad30f4 [32m200[0m 3.134 ms - 96[0m
[0mPOST /comment/get/6075681bd56ff15127ad30f4 [32m200[0m 5.772 ms - 96[0m
[0mPOST /comment/get/6075681bd56ff15127ad30f4 [32m200[0m 3.240 ms - 96[0m
[0mPOST /comment/get/6075681bd56ff15127ad30f4 [32m200[0m 4.869 ms - 96[0m
[0mPOST /comment/get/6075681bd56ff15127ad30f4 [32m200[0m 4.536 ms - 96[0m
[0mPOST /comment/get/6075681bd56ff15127ad30f4 [32m200[0m 8.478 ms - 96[0m
[0mPOST /comment/get/6075681bd56ff15127ad30f4 [32m200[0m 4.133 ms - 96[0m
[0mPOST /comment/get/6075681bd56ff15127ad30f4 [32m200[0m 3.714 ms - 96[0m
[0mPOST /comment/get/6075681bd56ff15127ad30f4 [32m200[0m 6.752 ms - 96[0m
[0mPOST /comment/get/6075681bd56ff15127ad30f4 [32m200[0m 5.177 ms - 96[0m
[0mPOST /comment/get/6075681bd56ff15127ad30f4 [32m200[0m 3.742 ms - 96[0m
[0mPOST /comment/get/6075681bd56ff15127ad30f4 [32m200[0m 3.255 ms - 96[0m
[0mPOST /comment/get/6075681bd56ff15127ad30f4 [32m200[0m 3.494 ms - 96[0m
[0mPOST /comment/get/6075681bd56ff15127ad30f4 [32m200[0m 9.314 ms - 96[0m
[0mPOST /comment/get/6075681bd56ff15127ad30f4 [32m200[0m 11.215 ms - 96[0m
[0mPOST /comment/get/6075681bd56ff15127ad30f4 [32m200[0m 3.288 ms - 96[0m
[0mPOST /comment/get/6075681bd56ff15127ad30f4 [32m200[0m 4.746 ms - 96[0m
[0mPOST /comment/get/6075681bd56ff15127ad30f4 [32m200[0m 5.049 ms - 96[0m
[0mPOST /comment/get/6075681bd56ff15127ad30f4 [32m200[0m 6.841 ms - 96[0m
[0mPOST /comment/get/6075681bd56ff15127ad30f4 [32m200[0m 11.259 ms - 96[0m
[0mPOST /comment/get/6075681bd56ff15127ad30f4 [32m200[0m 2.884 ms - 96[0m
[0mPOST /comment/get/6075681bd56ff15127ad30f4 [32m200[0m 17.611 ms - 96[0m
[0mPOST /comment/get/6075681bd56ff15127ad30f4 [32m200[0m 3.571 ms - 96[0m
[0mPOST /comment/get/6075681bd56ff15127ad30f4 [32m200[0m 5.538 ms - 96[0m
[0mPOST /comment/get/6075681bd56ff15127ad30f4 [32m200[0m 8.708 ms - 96[0m
[0mPOST /comment/get/6075681bd56ff15127ad30f4 [32m200[0m 5.051 ms - 96[0m
[0mPOST /comment/get/6075681bd56ff15127ad30f4 [32m200[0m 3.346 ms - 96[0m
[0mPOST /comment/get/6075681bd56ff15127ad30f4 [32m200[0m 7.248 ms - 96[0m
[0mPOST /comment/get/6075681bd56ff15127ad30f4 [32m200[0m 4.028 ms - 96[0m
[0mPOST /comment/get/6075681bd56ff15127ad30f4 [32m200[0m 2.780 ms - 96[0m
[0mPOST /comment/get/6075681bd56ff15127ad30f4 [32m200[0m 3.261 ms - 96[0m
[0mPOST /comment/get/6075681bd56ff15127ad30f4 [32m200[0m 4.573 ms - 96[0m
[0mPOST /comment/get/6075681bd56ff15127ad30f4 [32m200[0m 3.060 ms - 96[0m
[0mPOST /comment/get/6075681bd56ff15127ad30f4 [32m200[0m 3.034 ms - 96[0m
[0mPOST /comment/get/6075681bd56ff15127ad30f4 [32m200[0m 3.070 ms - 96[0m
[0mPOST /comment/get/6075681bd56ff15127ad30f4 [32m200[0m 5.570 ms - 96[0m
[0mPOST /comment/get/6075681bd56ff15127ad30f4 [32m200[0m 4.342 ms - 96[0m
[0mPOST /comment/get/6075681bd56ff15127ad30f4 [32m200[0m 3.628 ms - 96[0m
[0mPOST /comment/get/6075681bd56ff15127ad30f4 [32m200[0m 6.068 ms - 96[0m
[0mPOST /comment/get/6075681bd56ff15127ad30f4 [32m200[0m 3.480 ms - 96[0m
[0mPOST /comment/get/6075681bd56ff15127ad30f4 [32m200[0m 2.733 ms - 96[0m
[0mPOST /comment/get/6075681bd56ff15127ad30f4 [32m200[0m 9.263 ms - 96[0m
[0mPOST /comment/get/6075681bd56ff15127ad30f4 [32m200[0m 3.906 ms - 96[0m
[0mPOST /comment/get/6075681bd56ff15127ad30f4 [32m200[0m 4.532 ms - 96[0m
[0mPOST /comment/get/6075681bd56ff15127ad30f4 [32m200[0m 3.453 ms - 96[0m
[0mPOST /comment/get/6075681bd56ff15127ad30f4 [32m200[0m 3.269 ms - 96[0m
[0mPOST /comment/get/6075681bd56ff15127ad30f4 [32m200[0m 4.147 ms - 96[0m
[0mPOST /comment/get/6075681bd56ff15127ad30f4 [32m200[0m 2.928 ms - 96[0m
[0mPOST /comment/get/6075681bd56ff15127ad30f4 [32m200[0m 6.381 ms - 96[0m
[0mPOST /comment/get/6075681bd56ff15127ad30f4 [32m200[0m 3.290 ms - 96[0m
[0mPOST /comment/get/6075681bd56ff15127ad30f4 [32m200[0m 5.832 ms - 96[0m
[0mPOST /comment/get/6075681bd56ff15127ad30f4 [32m200[0m 4.859 ms - 96[0m
[0mPOST /comment/get/6075681bd56ff15127ad30f4 [32m200[0m 3.276 ms - 96[0m
[0mPOST /comment/get/6075681bd56ff15127ad30f4 [32m200[0m 6.624 ms - 96[0m
[0mPOST /comment/get/6075681bd56ff15127ad30f4 [32m200[0m 3.084 ms - 96[0m
[0mPOST /comment/get/6075681bd56ff15127ad30f4 [32m200[0m 5.822 ms - 96[0m
[0mPOST /comment/get/6075681bd56ff15127ad30f4 [32m200[0m 4.056 ms - 96[0m
[0mPOST /comment/get/6075681bd56ff15127ad30f4 [32m200[0m 3.549 ms - 96[0m
[0mPOST /comment/get/6075681bd56ff15127ad30f4 [32m200[0m 12.109 ms - 96[0m
[0mPOST /comment/get/6075681bd56ff15127ad30f4 [32m200[0m 3.229 ms - 96[0m
[0mPOST /comment/get/6075681bd56ff15127ad30f4 [32m200[0m 5.931 ms - 96[0m
[0mPOST /comment/get/6075681bd56ff15127ad30f4 [32m200[0m 2.774 ms - 96[0m
[0mPOST /comment/get/6075681bd56ff15127ad30f4 [32m200[0m 8.562 ms - 96[0m
[0mPOST /comment/get/6075681bd56ff15127ad30f4 [32m200[0m 3.709 ms - 96[0m
[0mPOST /comment/get/6075681bd56ff15127ad30f4 [32m200[0m 2.959 ms - 96[0m
[0mPOST /comment/get/6075681bd56ff15127ad30f4 [32m200[0m 3.740 ms - 96[0m
[0mPOST /comment/get/6075681bd56ff15127ad30f4 [32m200[0m 3.104 ms - 96[0m
[0mPOST /comment/get/6075681bd56ff15127ad30f4 [32m200[0m 5.359 ms - 96[0m
[0mPOST /comment/get/6075681bd56ff15127ad30f4 [32m200[0m 3.240 ms - 96[0m
[0mPOST /comment/get/6075681bd56ff15127ad30f4 [32m200[0m 3.315 ms - 96[0m
[0mPOST /comment/get/6075681bd56ff15127ad30f4 [32m200[0m 3.043 ms - 96[0m
[0mPOST /comment/get/6075681bd56ff15127ad30f4 [32m200[0m 2.660 ms - 96[0m
[0mPOST /comment/get/6075681bd56ff15127ad30f4 [32m200[0m 8.311 ms - 96[0m
[0mPOST /comment/get/6075681bd56ff15127ad30f4 [32m200[0m 2.881 ms - 96[0m
[0mPOST /comment/get/6075681bd56ff15127ad30f4 [32m200[0m 5.429 ms - 96[0m
[0mPOST /comment/get/6075681bd56ff15127ad30f4 [32m200[0m 8.329 ms - 96[0m
[0mPOST /comment/get/6075681bd56ff15127ad30f4 [32m200[0m 6.268 ms - 96[0m
[0mPOST /comment/get/6075681bd56ff15127ad30f4 [32m200[0m 3.935 ms - 96[0m
[0mPOST /comment/get/6075681bd56ff15127ad30f4 [32m200[0m 5.752 ms - 96[0m
[0mPOST /comment/get/6075681bd56ff15127ad30f4 [32m200[0m 3.419 ms - 96[0m
[0mPOST /comment/get/6075681bd56ff15127ad30f4 [32m200[0m 3.687 ms - 96[0m
[0mPOST /comment/get/6075681bd56ff15127ad30f4 [32m200[0m 2.972 ms - 96[0m
[0mPOST /comment/get/6075681bd56ff15127ad30f4 [32m200[0m 2.696 ms - 96[0m
[0mPOST /comment/get/6075681bd56ff15127ad30f4 [32m200[0m 2.852 ms - 96[0m
[0mPOST /comment/get/6075681bd56ff15127ad30f4 [32m200[0m 5.949 ms - 96[0m
[0mPOST /comment/get/6075681bd56ff15127ad30f4 [32m200[0m 2.883 ms - 96[0m
[0mPOST /comment/get/6075681bd56ff15127ad30f4 [32m200[0m 4.849 ms - 96[0m
[0mPOST /comment/get/6075681bd56ff15127ad30f4 [32m200[0m 5.249 ms - 96[0m
[0mPOST /comment/get/6075681bd56ff15127ad30f4 [32m200[0m 2.886 ms - 96[0m
[0mPOST /comment/get/6075681bd56ff15127ad30f4 [32m200[0m 2.593 ms - 96[0m
[0mPOST /comment/get/6075681bd56ff15127ad30f4 [32m200[0m 5.716 ms - 96[0m
[0mPOST /comment/get/6075681bd56ff15127ad30f4 [32m200[0m 3.313 ms - 96[0m
[0mPOST /comment/get/6075681bd56ff15127ad30f4 [32m200[0m 5.657 ms - 96[0m
[0mPOST /comment/get/6075681bd56ff15127ad30f4 [32m200[0m 3.818 ms - 96[0m
[0mPOST /comment/get/6075681bd56ff15127ad30f4 [32m200[0m 3.414 ms - 96[0m
[0mPOST /comment/get/6075681bd56ff15127ad30f4 [32m200[0m 3.810 ms - 96[0m
[0mPOST /comment/get/6075681bd56ff15127ad30f4 [32m200[0m 3.476 ms - 96[0m
[0mPOST /comment/get/6075681bd56ff15127ad30f4 [32m200[0m 4.440 ms - 96[0m
[0mPOST /comment/get/6075681bd56ff15127ad30f4 [32m200[0m 3.630 ms - 96[0m
[0mPOST /comment/get/6075681bd56ff15127ad30f4 [32m200[0m 5.291 ms - 96[0m
[0mPOST /comment/get/6075681bd56ff15127ad30f4 [32m200[0m 8.028 ms - 96[0m
[0mPOST /comment/get/6075681bd56ff15127ad30f4 [32m200[0m 3.040 ms - 96[0m
[0mPOST /comment/get/6075681bd56ff15127ad30f4 [32m200[0m 3.503 ms - 96[0m
[0mPOST /comment/get/6075681bd56ff15127ad30f4 [32m200[0m 5.675 ms - 96[0m
[0mPOST /comment/get/6075681bd56ff15127ad30f4 [32m200[0m 3.230 ms - 96[0m
[0mPOST /comment/get/6075681bd56ff15127ad30f4 [32m200[0m 6.246 ms - 96[0m
[0mPOST /comment/get/6075681bd56ff15127ad30f4 [32m200[0m 3.018 ms - 96[0m
[0mPOST /comment/get/6075681bd56ff15127ad30f4 [32m200[0m 4.301 ms - 96[0m
[0mPOST /comment/get/6075681bd56ff15127ad30f4 [32m200[0m 7.408 ms - 96[0m
[0mPOST /comment/get/6075681bd56ff15127ad30f4 [32m200[0m 6.635 ms - 96[0m
[0mPOST /comment/get/6075681bd56ff15127ad30f4 [32m200[0m 4.849 ms - 96[0m
[0mPOST /comment/get/6075681bd56ff15127ad30f4 [32m200[0m 4.372 ms - 96[0m
[0mPOST /comment/get/6075681bd56ff15127ad30f4 [32m200[0m 5.476 ms - 96[0m
[0mPOST /comment/get/6075681bd56ff15127ad30f4 [32m200[0m 7.394 ms - 96[0m
[0mPOST /comment/get/6075681bd56ff15127ad30f4 [32m200[0m 7.626 ms - 96[0m
[0mPOST /comment/get/6075681bd56ff15127ad30f4 [32m200[0m 34.140 ms - 96[0m
[0mPOST /comment/get/6075681bd56ff15127ad30f4 [32m200[0m 7.284 ms - 96[0m
[0mPOST /comment/get/6075681bd56ff15127ad30f4 [32m200[0m 3.022 ms - 96[0m
[0mPOST /comment/get/6075681bd56ff15127ad30f4 [32m200[0m 2.846 ms - 96[0m
[0mPOST /comment/get/6075681bd56ff15127ad30f4 [32m200[0m 3.090 ms - 96[0m
[0mPOST /comment/get/6075681bd56ff15127ad30f4 [32m200[0m 2.782 ms - 96[0m
[0mPOST /comment/get/6075681bd56ff15127ad30f4 [32m200[0m 3.090 ms - 96[0m
[0mPOST /comment/get/6075681bd56ff15127ad30f4 [32m200[0m 3.144 ms - 96[0m
[0mPOST /comment/get/6075681bd56ff15127ad30f4 [32m200[0m 3.751 ms - 96[0m
[0mPOST /comment/get/6075681bd56ff15127ad30f4 [32m200[0m 4.878 ms - 96[0m
[0mPOST /comment/get/6075681bd56ff15127ad30f4 [32m200[0m 4.448 ms - 96[0m
[0mPOST /comment/get/6075681bd56ff15127ad30f4 [32m200[0m 3.592 ms - 96[0m
[0mPOST /comment/get/6075681bd56ff15127ad30f4 [32m200[0m 3.180 ms - 96[0m
[0mPOST /comment/get/6075681bd56ff15127ad30f4 [32m200[0m 3.142 ms - 96[0m
[0mPOST /comment/get/6075681bd56ff15127ad30f4 [32m200[0m 3.048 ms - 96[0m
[0mPOST /comment/get/6075681bd56ff15127ad30f4 [32m200[0m 2.997 ms - 96[0m
[0mPOST /comment/get/6075681bd56ff15127ad30f4 [32m200[0m 13.353 ms - 96[0m
[0mPOST /comment/get/6075681bd56ff15127ad30f4 [32m200[0m 5.145 ms - 96[0m
[0mPOST /comment/get/6075681bd56ff15127ad30f4 [32m200[0m 2.871 ms - 96[0m
[0mPOST /comment/get/6075681bd56ff15127ad30f4 [32m200[0m 3.279 ms - 96[0m
[0mPOST /comment/get/6075681bd56ff15127ad30f4 [32m200[0m 3.225 ms - 96[0m
[0mPOST /comment/get/6075681bd56ff15127ad30f4 [32m200[0m 6.386 ms - 96[0m
[0mPOST /comment/get/6075681bd56ff15127ad30f4 [32m200[0m 6.056 ms - 96[0m
[0mPOST /comment/get/6075681bd56ff15127ad30f4 [32m200[0m 4.598 ms - 96[0m
[0mPOST /comment/get/6075681bd56ff15127ad30f4 [32m200[0m 9.933 ms - 96[0m
[0mPOST /comment/get/6075681bd56ff15127ad30f4 [32m200[0m 10.009 ms - 96[0m
[0mPOST /comment/get/6075681bd56ff15127ad30f4 [32m200[0m 9.009 ms - 96[0m
[0mPOST /comment/get/6075681bd56ff15127ad30f4 [32m200[0m 3.997 ms - 96[0m
[0mPOST /comment/get/6075681bd56ff15127ad30f4 [32m200[0m 4.750 ms - 96[0m
[0mPOST /comment/get/6075681bd56ff15127ad30f4 [32m200[0m 3.221 ms - 96[0m
[0mPOST /comment/get/6075681bd56ff15127ad30f4 [32m200[0m 3.901 ms - 96[0m
[0mPOST /comment/get/6075681bd56ff15127ad30f4 [32m200[0m 3.626 ms - 96[0m
[0mPOST /comment/get/6075681bd56ff15127ad30f4 [32m200[0m 3.109 ms - 96[0m
[0mPOST /comment/get/6075681bd56ff15127ad30f4 [32m200[0m 7.093 ms - 96[0m
[0mPOST /comment/get/6075681bd56ff15127ad30f4 [32m200[0m 3.855 ms - 96[0m
[0mPOST /comment/get/6075681bd56ff15127ad30f4 [32m200[0m 3.829 ms - 96[0m
[0mPOST /comment/get/6075681bd56ff15127ad30f4 [32m200[0m 2.837 ms - 96[0m
[0mPOST /comment/get/6075681bd56ff15127ad30f4 [32m200[0m 6.371 ms - 96[0m
[0mPOST /comment/get/6075681bd56ff15127ad30f4 [32m200[0m 2.554 ms - 96[0m
[0mPOST /comment/get/6075681bd56ff15127ad30f4 [32m200[0m 4.032 ms - 96[0m
[0mPOST /comment/get/6075681bd56ff15127ad30f4 [32m200[0m 3.314 ms - 96[0m
[0mPOST /comment/get/6075681bd56ff15127ad30f4 [32m200[0m 6.374 ms - 96[0m
[0mPOST /comment/get/6075681bd56ff15127ad30f4 [32m200[0m 3.947 ms - 96[0m
[0mPOST /comment/get/6075681bd56ff15127ad30f4 [32m200[0m 3.832 ms - 96[0m
[0mPOST /comment/get/6075681bd56ff15127ad30f4 [32m200[0m 7.371 ms - 96[0m
[0mPOST /comment/get/6075681bd56ff15127ad30f4 [32m200[0m 4.323 ms - 96[0m
[0mPOST /comment/get/6075681bd56ff15127ad30f4 [32m200[0m 3.266 ms - 96[0m
[0mPOST /comment/get/6075681bd56ff15127ad30f4 [32m200[0m 4.264 ms - 96[0m
[0mPOST /comment/get/6075681bd56ff15127ad30f4 [32m200[0m 3.117 ms - 96[0m
[0mPOST /comment/get/6075681bd56ff15127ad30f4 [32m200[0m 5.617 ms - 96[0m
[0mPOST /comment/get/6075681bd56ff15127ad30f4 [32m200[0m 5.737 ms - 96[0m
[0mPOST /comment/get/6075681bd56ff15127ad30f4 [32m200[0m 3.280 ms - 96[0m
[0mPOST /comment/get/6075681bd56ff15127ad30f4 [32m200[0m 3.395 ms - 96[0m
[0mPOST /comment/get/6075681bd56ff15127ad30f4 [32m200[0m 6.346 ms - 96[0m
[0mPOST /comment/get/6075681bd56ff15127ad30f4 [32m200[0m 8.742 ms - 96[0m
[0mPOST /comment/get/6075681bd56ff15127ad30f4 [32m200[0m 3.139 ms - 96[0m
[0mPOST /comment/get/6075681bd56ff15127ad30f4 [32m200[0m 6.771 ms - 96[0m
[0mPOST /comment/get/6075681bd56ff15127ad30f4 [32m200[0m 2.978 ms - 96[0m
[0mPOST /comment/get/6075681bd56ff15127ad30f4 [32m200[0m 5.275 ms - 96[0m
[0mPOST /comment/get/6075681bd56ff15127ad30f4 [32m200[0m 11.064 ms - 96[0m
[0mPOST /comment/get/6075681bd56ff15127ad30f4 [32m200[0m 7.773 ms - 96[0m
[0mPOST /comment/get/6075681bd56ff15127ad30f4 [32m200[0m 7.913 ms - 96[0m
[0mPOST /comment/get/6075681bd56ff15127ad30f4 [32m200[0m 2.588 ms - 96[0m
[0mPOST /comment/get/6075681bd56ff15127ad30f4 [32m200[0m 2.995 ms - 96[0m
[0mPOST /comment/get/6075681bd56ff15127ad30f4 [32m200[0m 4.711 ms - 96[0m
[0mPOST /comment/get/6075681bd56ff15127ad30f4 [32m200[0m 7.931 ms - 96[0m
[0mPOST /comment/get/6075681bd56ff15127ad30f4 [32m200[0m 5.221 ms - 96[0m
[0mPOST /comment/get/6075681bd56ff15127ad30f4 [32m200[0m 5.516 ms - 96[0m
[0mPOST /comment/get/6075681bd56ff15127ad30f4 [32m200[0m 2.938 ms - 96[0m
[0mPOST /comment/get/6075681bd56ff15127ad30f4 [32m200[0m 3.740 ms - 96[0m
[0mPOST /comment/get/6075681bd56ff15127ad30f4 [32m200[0m 4.689 ms - 96[0m
[0mPOST /comment/get/6075681bd56ff15127ad30f4 [32m200[0m 3.105 ms - 96[0m
[0mPOST /comment/get/6075681bd56ff15127ad30f4 [32m200[0m 3.820 ms - 96[0m
[0mPOST /comment/get/6075681bd56ff15127ad30f4 [32m200[0m 3.418 ms - 96[0m
[0mPOST /comment/get/6075681bd56ff15127ad30f4 [32m200[0m 3.668 ms - 96[0m
[0mPOST /comment/get/6075681bd56ff15127ad30f4 [32m200[0m 5.003 ms - 96[0m
[0mPOST /comment/get/6075681bd56ff15127ad30f4 [32m200[0m 3.466 ms - 96[0m
[0mPOST /comment/get/6075681bd56ff15127ad30f4 [32m200[0m 3.382 ms - 96[0m
[0mPOST /comment/get/6075681bd56ff15127ad30f4 [32m200[0m 2.613 ms - 96[0m
[0mPOST /comment/get/6075681bd56ff15127ad30f4 [32m200[0m 3.201 ms - 96[0m
[0mPOST /comment/get/6075681bd56ff15127ad30f4 [32m200[0m 2.815 ms - 96[0m
[0mPOST /comment/get/6075681bd56ff15127ad30f4 [32m200[0m 3.115 ms - 96[0m
[0mPOST /comment/get/6075681bd56ff15127ad30f4 [32m200[0m 3.277 ms - 96[0m
[0mPOST /comment/get/6075681bd56ff15127ad30f4 [32m200[0m 3.195 ms - 96[0m
[0mPOST /comment/get/6075681bd56ff15127ad30f4 [32m200[0m 4.025 ms - 96[0m
[0mPOST /comment/get/6075681bd56ff15127ad30f4 [32m200[0m 3.657 ms - 96[0m
[0mPOST /comment/get/6075681bd56ff15127ad30f4 [32m200[0m 3.433 ms - 96[0m
[0mPOST /comment/get/6075681bd56ff15127ad30f4 [32m200[0m 3.314 ms - 96[0m
[0mPOST /comment/get/6075681bd56ff15127ad30f4 [32m200[0m 3.808 ms - 96[0m
[0mPOST /comment/get/6075681bd56ff15127ad30f4 [32m200[0m 3.122 ms - 96[0m
[0mPOST /comment/get/6075681bd56ff15127ad30f4 [32m200[0m 3.236 ms - 96[0m
[0mPOST /comment/get/6075681bd56ff15127ad30f4 [32m200[0m 3.568 ms - 96[0m
[0mPOST /comment/get/6075681bd56ff15127ad30f4 [32m200[0m 3.093 ms - 96[0m
[0mPOST /comment/get/6075681bd56ff15127ad30f4 [32m200[0m 2.783 ms - 96[0m
[0mPOST /comment/get/6075681bd56ff15127ad30f4 [32m200[0m 3.745 ms - 96[0m
[0mPOST /comment/get/6075681bd56ff15127ad30f4 [32m200[0m 3.760 ms - 96[0m
[0mPOST /comment/get/6075681bd56ff15127ad30f4 [32m200[0m 2.527 ms - 96[0m
[0mPOST /comment/get/6075681bd56ff15127ad30f4 [32m200[0m 5.894 ms - 96[0m
[0mPOST /comment/get/6075681bd56ff15127ad30f4 [32m200[0m 10.729 ms - 96[0m
[0mPOST /comment/get/6075681bd56ff15127ad30f4 [32m200[0m 3.136 ms - 96[0m
[0mPOST /comment/get/6075681bd56ff15127ad30f4 [32m200[0m 4.956 ms - 96[0m
[0mPOST /comment/get/6075681bd56ff15127ad30f4 [32m200[0m 3.637 ms - 96[0m
[0mPOST /comment/get/6075681bd56ff15127ad30f4 [32m200[0m 3.877 ms - 96[0m
[0mPOST /comment/get/6075681bd56ff15127ad30f4 [32m200[0m 3.747 ms - 96[0m
[0mPOST /comment/get/6075681bd56ff15127ad30f4 [32m200[0m 3.306 ms - 96[0m
[0mPOST /comment/get/6075681bd56ff15127ad30f4 [32m200[0m 3.114 ms - 96[0m
[0mPOST /comment/get/6075681bd56ff15127ad30f4 [32m200[0m 3.280 ms - 96[0m
[0mPOST /comment/get/6075681bd56ff15127ad30f4 [32m200[0m 3.291 ms - 96[0m
[0mPOST /comment/get/6075681bd56ff15127ad30f4 [32m200[0m 3.631 ms - 96[0m
[0mPOST /comment/get/6075681bd56ff15127ad30f4 [32m200[0m 3.489 ms - 96[0m
[0mPOST /comment/get/6075681bd56ff15127ad30f4 [32m200[0m 6.226 ms - 96[0m
[0mPOST /comment/get/6075681bd56ff15127ad30f4 [32m200[0m 3.387 ms - 96[0m
[0mPOST /comment/get/6075681bd56ff15127ad30f4 [32m200[0m 2.928 ms - 96[0m
[0mPOST /comment/get/6075681bd56ff15127ad30f4 [32m200[0m 3.255 ms - 96[0m
[0mPOST /comment/get/6075681bd56ff15127ad30f4 [32m200[0m 3.441 ms - 96[0m
[0mPOST /comment/get/6075681bd56ff15127ad30f4 [32m200[0m 10.062 ms - 96[0m
[0mPOST /comment/get/6075681bd56ff15127ad30f4 [32m200[0m 7.734 ms - 96[0m
[0mPOST /comment/get/6075681bd56ff15127ad30f4 [32m200[0m 5.895 ms - 96[0m
[0mPOST /comment/get/6075681bd56ff15127ad30f4 [32m200[0m 4.360 ms - 96[0m
[0mPOST /comment/get/6075681bd56ff15127ad30f4 [32m200[0m 4.572 ms - 96[0m
[0mPOST /comment/get/6075681bd56ff15127ad30f4 [32m200[0m 7.878 ms - 96[0m
[0mPOST /comment/get/6075681bd56ff15127ad30f4 [32m200[0m 4.078 ms - 96[0m
[0mPOST /comment/get/6075681bd56ff15127ad30f4 [32m200[0m 3.325 ms - 96[0m
[0mPOST /comment/get/6075681bd56ff15127ad30f4 [32m200[0m 3.720 ms - 96[0m
[0mPOST /comment/get/6075681bd56ff15127ad30f4 [32m200[0m 3.538 ms - 96[0m
[0mPOST /comment/get/6075681bd56ff15127ad30f4 [32m200[0m 4.536 ms - 96[0m
[0mPOST /comment/get/6075681bd56ff15127ad30f4 [32m200[0m 5.307 ms - 96[0m
[0mPOST /comment/get/6075681bd56ff15127ad30f4 [32m200[0m 4.206 ms - 96[0m
[0mPOST /comment/get/6075681bd56ff15127ad30f4 [32m200[0m 5.617 ms - 96[0m
[0mPOST /comment/get/6075681bd56ff15127ad30f4 [32m200[0m 7.147 ms - 96[0m
[0mPOST /comment/get/6075681bd56ff15127ad30f4 [32m200[0m 4.447 ms - 96[0m
[0mPOST /comment/get/6075681bd56ff15127ad30f4 [32m200[0m 4.067 ms - 96[0m
[0mPOST /comment/get/6075681bd56ff15127ad30f4 [32m200[0m 25.895 ms - 96[0m
[0mPOST /comment/get/6075681bd56ff15127ad30f4 [32m200[0m 6.378 ms - 96[0m
[0mPOST /comment/get/6075681bd56ff15127ad30f4 [32m200[0m 4.018 ms - 96[0m
[0mPOST /comment/get/6075681bd56ff15127ad30f4 [32m200[0m 8.879 ms - 96[0m
[0mPOST /comment/get/6075681bd56ff15127ad30f4 [32m200[0m 4.002 ms - 96[0m
[0mPOST /comment/get/6075681bd56ff15127ad30f4 [32m200[0m 8.008 ms - 96[0m
[0mPOST /comment/get/6075681bd56ff15127ad30f4 [32m200[0m 10.638 ms - 96[0m
[0mPOST /comment/get/6075681bd56ff15127ad30f4 [32m200[0m 2.990 ms - 96[0m
[0mPOST /comment/get/6075681bd56ff15127ad30f4 [32m200[0m 4.931 ms - 96[0m
[0mPOST /comment/get/6075681bd56ff15127ad30f4 [32m200[0m 22.881 ms - 96[0m
[0mPOST /comment/get/6075681bd56ff15127ad30f4 [32m200[0m 3.684 ms - 96[0m
[0mPOST /comment/get/6075681bd56ff15127ad30f4 [32m200[0m 4.099 ms - 96[0m
[0mPOST /comment/get/6075681bd56ff15127ad30f4 [32m200[0m 5.750 ms - 96[0m
[0mPOST /comment/get/6075681bd56ff15127ad30f4 [32m200[0m 3.396 ms - 96[0m
[0mPOST /comment/get/6075681bd56ff15127ad30f4 [32m200[0m 3.431 ms - 96[0m
[0mPOST /comment/get/6075681bd56ff15127ad30f4 [32m200[0m 7.830 ms - 96[0m
[0mPOST /comment/get/6075681bd56ff15127ad30f4 [32m200[0m 10.162 ms - 96[0m
[0mPOST /comment/get/6075681bd56ff15127ad30f4 [32m200[0m 6.620 ms - 96[0m
[0mPOST /comment/get/6075681bd56ff15127ad30f4 [32m200[0m 13.468 ms - 96[0m
[0mPOST /comment/get/6075681bd56ff15127ad30f4 [32m200[0m 5.140 ms - 96[0m
[0mPOST /comment/get/6075681bd56ff15127ad30f4 [32m200[0m 3.188 ms - 96[0m
[0mPOST /comment/get/6075681bd56ff15127ad30f4 [32m200[0m 3.226 ms - 96[0m
[0mPOST /comment/get/6075681bd56ff15127ad30f4 [32m200[0m 3.454 ms - 96[0m
[0mPOST /category/ [32m200[0m 20.961 ms - 494[0m
[0mPOST /post/posts [32m200[0m 24.779 ms - 2490[0m
[0mPOST /category/ [32m200[0m 4.880 ms - 494[0m
[0mGET /upload/cat.png [36m304[0m 2.455 ms - -[0m
[0mPOST /category/ [32m200[0m 5.327 ms - 494[0m
[0mGET /upload/dog.png [36m304[0m 1.509 ms - -[0m
[0mGET /upload/other.png [36m304[0m 1.061 ms - -[0m
[0mGET /upload/birds.png [36m304[0m 0.884 ms - -[0m
[0mGET /upload/default.jpg [36m304[0m 1.792 ms - -[0m
[0mGET /upload/rabbit.png [36m304[0m 4.653 ms - -[0m
[0mGET /upload/1618306202182--photo-1507146426996-ef05306b995a.jpeg [36m304[0m 1.181 ms - -[0m
[0mGET /upload/1618306344240--images.jpeg [36m304[0m 0.923 ms - -[0m
[0mGET /upload/1618306360004--fish-1080x675.jpeg [36m304[0m 3.939 ms - -[0m
[0mGET /upload/1618306368873--goldfish-in-bowl-589015030-57ffe4e05f9b5805c2b07851.jpg [36m304[0m 2.819 ms - -[0m
[0mGET /upload/1618306391906--best-pet-birds-parakeet-1572839068.jpg [36m304[0m 2.271 ms - -[0m
[0mPOST /category/ [32m200[0m 7.119 ms - 494[0m
[0mPOST /post/posts [32m200[0m 17.304 ms - 2571[0m
[0mPOST /category/ [32m200[0m 3.463 ms - 494[0m
[0mPOST /category/ [32m200[0m 3.789 ms - 494[0m
[0mGET /upload/1618306422132--fish-sees-you-104652809.jpg [36m304[0m 0.879 ms - -[0m
[0mGET /upload/1618306499628--blog_bucktons_love_pets.jpg [36m304[0m 1.252 ms - -[0m
[0mGET /upload/1618306519512--_112103722_gettyimages-578259314.jpg [36m304[0m 0.946 ms - -[0m
[0mGET /upload/1618306584795--200406_vod_orig_covid_pets_10_hpMain_1x1_992.jpg [36m304[0m 1.069 ms - -[0m
[0mGET /upload/1618306609264--blue-and-green-parakeets.jpg [36m304[0m 1.073 ms - -[0m
[0mPOST /category/ [32m200[0m 3.921 ms - 494[0m
[0mPOST /post/posts [32m200[0m 11.307 ms - 543[0m
[0mPOST /category/ [32m200[0m 3.930 ms - 494[0m
[0mPOST /category/ [32m200[0m 3.653 ms - 494[0m
[0mGET /upload/1618306704919--1-142043533.gif [36m304[0m 1.205 ms - -[0m
[0mPOST /comment/get/6075681bd56ff15127ad30f4 [32m200[0m 4.510 ms - 96[0m
[0mPOST /category/ [32m200[0m 4.454 ms - 494[0m
[0mPOST /post/posts [32m200[0m 2.953 ms - 2[0m
[0mPOST /category/ [32m200[0m 5.233 ms - 494[0m
[0mPOST /category/ [32m200[0m 3.825 ms - 494[0m
[0mPOST /post/posts [32m200[0m 12.433 ms - 2490[0m
[0mPOST /category/ [32m200[0m 3.842 ms - 494[0m
[0mGET /upload/cat.png [36m304[0m 1.059 ms - -[0m
[0mGET /upload/dog.png [36m304[0m 2.199 ms - -[0m
[0mGET /upload/other.png [36m304[0m 3.340 ms - -[0m
[0mGET /upload/birds.png [36m304[0m 3.621 ms - -[0m
[0mGET /upload/rabbit.png [36m304[0m 3.185 ms - -[0m
[0mPOST /category/ [32m200[0m 3.822 ms - 494[0m
[0mGET /upload/default.jpg [36m304[0m 0.964 ms - -[0m
[0mGET /upload/1618306202182--photo-1507146426996-ef05306b995a.jpeg [36m304[0m 1.099 ms - -[0m
[0mGET /upload/1618306344240--images.jpeg [36m304[0m 0.957 ms - -[0m
[0mGET /upload/1618306360004--fish-1080x675.jpeg [36m304[0m 3.467 ms - -[0m
[0mGET /upload/1618306368873--goldfish-in-bowl-589015030-57ffe4e05f9b5805c2b07851.jpg [36m304[0m 2.198 ms - -[0m
[0mGET /upload/1618306391906--best-pet-birds-parakeet-1572839068.jpg [36m304[0m 0.941 ms - -[0m
[0mPOST /category/ [32m200[0m 3.892 ms - 494[0m
[0mPOST /post/posts [32m200[0m 23.395 ms - 2571[0m
[0mPOST /category/ [32m200[0m 3.315 ms - 494[0m
[0mPOST /category/ [32m200[0m 3.637 ms - 494[0m
[0mPOST /category/ [32m200[0m 3.552 ms - 494[0m
[0mGET /upload/1618306422132--fish-sees-you-104652809.jpg [36m304[0m 6.853 ms - -[0m
[0mGET /upload/1618306499628--blog_bucktons_love_pets.jpg [36m304[0m 12.071 ms - -[0m
[0mGET /upload/1618306519512--_112103722_gettyimages-578259314.jpg [36m304[0m 11.657 ms - -[0m
[0mGET /upload/1618306584795--200406_vod_orig_covid_pets_10_hpMain_1x1_992.jpg [36m304[0m 11.229 ms - -[0m
[0mGET /upload/1618306609264--blue-and-green-parakeets.jpg [36m304[0m 2.056 ms - -[0m
[0mPOST /post/posts [32m200[0m 3.707 ms - 543[0m
[0mPOST /category/ [32m200[0m 4.265 ms - 494[0m
[0mPOST /category/ [32m200[0m 11.149 ms - 494[0m
[0mPOST /comment/get/6075681bd56ff15127ad30f4 [32m200[0m 6.802 ms - 96[0m
[0mPOST /category/ [32m200[0m 8.587 ms - 494[0m
[0mGET /upload/1618306704919--1-142043533.gif [36m304[0m 8.689 ms - -[0m
[0mPOST /category/ [32m200[0m 4.548 ms - 494[0m
[0mPOST /post/posts [32m200[0m 31.156 ms - 2490[0m
[0mPOST /category/ [32m200[0m 4.467 ms - 494[0m
[0mPOST /category/ [32m200[0m 4.146 ms - 494[0m
[0mPOST /category/ [32m200[0m 3.823 ms - 494[0m
[0mPOST /post/posts [32m200[0m 8.105 ms - 2571[0m
[0mPOST /category/ [32m200[0m 8.633 ms - 494[0m
[0mPOST /category/ [32m200[0m 3.905 ms - 494[0m
[0mPOST /category/ [32m200[0m 6.826 ms - 494[0m
[0mPOST /post/posts [32m200[0m 5.540 ms - 543[0m
[0mPOST /category/ [32m200[0m 5.533 ms - 494[0m
[0mPOST /category/ [32m200[0m 3.807 ms - 494[0m
[0mPOST /comment/get/6075681bd56ff15127ad30f4 [32m200[0m 13.085 ms - 96[0m
[0mPOST /category/ [32m200[0m 15.481 ms - 494[0m
[0mPOST /category/ [32m200[0m 4.780 ms - 494[0m
[0mPOST /post/posts [32m200[0m 24.046 ms - 2490[0m
[0mPOST /category/ [32m200[0m 10.039 ms - 494[0m
[0mPOST /category/ [32m200[0m 16.572 ms - 494[0m
[0mPOST /category/ [32m200[0m 4.450 ms - 494[0m
[0mPOST /post/posts [32m200[0m 18.414 ms - 2571[0m
[0mPOST /category/ [32m200[0m 5.831 ms - 494[0m
[0mPOST /category/ [32m200[0m 3.664 ms - 494[0m
[0mPOST /category/ [32m200[0m 4.712 ms - 494[0m
[0mPOST /post/posts [32m200[0m 4.299 ms - 543[0m
[0mPOST /category/ [32m200[0m 8.533 ms - 494[0m
[0mPOST /category/ [32m200[0m 4.331 ms - 494[0m
[0mPOST /comment/get/6075681bd56ff15127ad30f4 [32m200[0m 4.181 ms - 96[0m
[0mPOST /category/ [32m200[0m 3.752 ms - 494[0m
[0mPOST /post/posts [32m200[0m 2.904 ms - 2[0m
[0mPOST /category/ [32m200[0m 5.314 ms - 494[0m
[0mPOST /comment/get/6075681bd56ff15127ad30f4 [32m200[0m 3.604 ms - 96[0m
[0mPOST /post/posts [32m200[0m 3.616 ms - 2[0m
[0mPOST /comment/get/6075681bd56ff15127ad30f4 [32m200[0m 2.868 ms - 96[0m
[0mPOST /post/posts [32m200[0m 3.389 ms - 2[0m
[0mPOST /category/ [32m200[0m 24.186 ms - 494[0m
[0mPOST /post/posts [32m200[0m 33.900 ms - 2490[0m
[0mPOST /category/ [32m200[0m 3.910 ms - 494[0m
[0mGET /upload/cat.png [36m304[0m 4.243 ms - -[0m
[0mGET /upload/dog.png [36m304[0m 3.850 ms - -[0m
[0mGET /upload/other.png [36m304[0m 4.505 ms - -[0m
[0mGET /upload/birds.png [36m304[0m 9.754 ms - -[0m
[0mGET /upload/rabbit.png [36m304[0m 9.601 ms - -[0m
[0mPOST /category/ [32m200[0m 5.917 ms - 494[0m
[0mGET /upload/default.jpg [36m304[0m 2.185 ms - -[0m
[0mGET /upload/1618306202182--photo-1507146426996-ef05306b995a.jpeg [36m304[0m 1.797 ms - -[0m
[0mGET /upload/1618306344240--images.jpeg [36m304[0m 1.750 ms - -[0m
[0mGET /upload/1618306360004--fish-1080x675.jpeg [36m304[0m 1.408 ms - -[0m
[0mGET /upload/1618306368873--goldfish-in-bowl-589015030-57ffe4e05f9b5805c2b07851.jpg [36m304[0m 1.899 ms - -[0m
[0mGET /upload/1618306391906--best-pet-birds-parakeet-1572839068.jpg [36m304[0m 1.533 ms - -[0m
[0mPOST /category/ [32m200[0m 5.564 ms - 494[0m
[0mPOST /post/posts [32m200[0m 11.493 ms - 2571[0m
[0mPOST /category/ [32m200[0m 10.871 ms - 494[0m
[0mPOST /category/ [32m200[0m 8.906 ms - 494[0m
[0mGET /upload/1618306422132--fish-sees-you-104652809.jpg [36m304[0m 1.102 ms - -[0m
[0mGET /upload/1618306499628--blog_bucktons_love_pets.jpg [36m304[0m 0.935 ms - -[0m
[0mGET /upload/1618306519512--_112103722_gettyimages-578259314.jpg [36m304[0m 0.972 ms - -[0m
[0mGET /upload/1618306584795--200406_vod_orig_covid_pets_10_hpMain_1x1_992.jpg [36m304[0m 2.156 ms - -[0m
[0mGET /upload/1618306609264--blue-and-green-parakeets.jpg [36m304[0m 1.204 ms - -[0m
[0mPOST /category/ [32m200[0m 4.336 ms - 494[0m
[0mPOST /post/posts [32m200[0m 6.533 ms - 543[0m
[0mPOST /category/ [32m200[0m 7.622 ms - 494[0m
[0mPOST /category/ [32m200[0m 3.479 ms - 494[0m
[0mPOST /comment/get/6075681bd56ff15127ad30f4 [32m200[0m 4.431 ms - 96[0m
[0mPOST /category/ [32m200[0m 5.829 ms - 494[0m
[0mGET /upload/1618306704919--1-142043533.gif [36m304[0m 5.377 ms - -[0m
[0mPOST /post/posts [32m200[0m 3.292 ms - 2[0m
[0mPOST /category/ [32m200[0m 4.350 ms - 494[0m
[0mPOST /post/posts [32m200[0m 2.599 ms - 2[0m
[0mPOST /comment/add [32m200[0m 20.465 ms - 93[0m
[0mPOST /category/ [32m200[0m 7.585 ms - 494[0m
[0mPOST /post/posts [32m200[0m 41.266 ms - 2490[0m
[0mPOST /category/ [32m200[0m 4.982 ms - 494[0m
[0mGET /upload/cat.png [36m304[0m 1.293 ms - -[0m
[0mGET /upload/dog.png [36m304[0m 0.918 ms - -[0m
[0mGET /upload/other.png [36m304[0m 1.074 ms - -[0m
[0mGET /upload/birds.png [36m304[0m 0.865 ms - -[0m
[0mGET /upload/rabbit.png [36m304[0m 0.858 ms - -[0m
[0mPOST /category/ [32m200[0m 10.599 ms - 494[0m
[0mGET /upload/default.jpg [36m304[0m 0.829 ms - -[0m
[0mGET /upload/1618306202182--photo-1507146426996-ef05306b995a.jpeg [36m304[0m 0.987 ms - -[0m
[0mGET /upload/1618306344240--images.jpeg [36m304[0m 0.988 ms - -[0m
[0mGET /upload/1618306360004--fish-1080x675.jpeg [36m304[0m 0.940 ms - -[0m
[0mGET /upload/1618306368873--goldfish-in-bowl-589015030-57ffe4e05f9b5805c2b07851.jpg [36m304[0m 3.866 ms - -[0m
[0mGET /upload/1618306391906--best-pet-birds-parakeet-1572839068.jpg [36m304[0m 1.249 ms - -[0m
[0mPOST /category/ [32m200[0m 4.803 ms - 494[0m
[0mPOST /post/posts [32m200[0m 15.842 ms - 2623[0m
[0mPOST /category/ [32m200[0m 3.998 ms - 494[0m
[0mPOST /category/ [32m200[0m 10.571 ms - 494[0m
[0mGET /upload/1618306422132--fish-sees-you-104652809.jpg [36m304[0m 1.063 ms - -[0m
[0mGET /upload/1618306499628--blog_bucktons_love_pets.jpg [36m304[0m 0.884 ms - -[0m
[0mGET /upload/1618306519512--_112103722_gettyimages-578259314.jpg [36m304[0m 1.804 ms - -[0m
[0mGET /upload/1618306584795--200406_vod_orig_covid_pets_10_hpMain_1x1_992.jpg [36m304[0m 2.706 ms - -[0m
[0mGET /upload/1618306609264--blue-and-green-parakeets.jpg [36m304[0m 1.147 ms - -[0m
[0mPOST /comment/get/60756e68d56ff15127ad30f5 [32m200[0m 13.005 ms - 95[0m
[0mPOST /category/ [32m200[0m 5.130 ms - 494[0m
[0mPOST /post/posts [32m200[0m 5.059 ms - 543[0m
[0mPOST /category/ [32m200[0m 5.194 ms - 494[0m
[0mPOST /category/ [32m200[0m 11.978 ms - 494[0m
[0mGET /upload/1618306704919--1-142043533.gif [36m304[0m 0.923 ms - -[0m
[0mPOST /category/ [32m200[0m 5.596 ms - 494[0m
[0mPOST /comment/get/6075681bd56ff15127ad30f4 [32m200[0m 13.066 ms - 96[0m
[0mPOST /post/posts [32m200[0m 2.962 ms - 2[0m
[0mPOST /category/ [32m200[0m 5.228 ms - 494[0m
[0mPOST /post/posts [32m200[0m 6.108 ms - 2[0m
[0mPOST /like/addlike/6075663184224f4e014a5ed9 [32m200[0m 45.039 ms - 17[0m
[0mPOST /like/addlike/6075663184224f4e014a5ed9 [32m200[0m 9.420 ms - 17[0m
[0mPOST /like/addlike/6075663184224f4e014a5ed9 [32m200[0m 44.048 ms - 17[0m
[0mPOST /like/addlike/6075663184224f4e014a5ed9 [32m200[0m 55.946 ms - 11[0m
[0mPOST /post/posts [32m200[0m 7.094 ms - 2[0m
[0mPOST /like/addlike/6075669084224f4e014a5eda [32m200[0m 16.085 ms - 11[0m
[0mPOST /like/removelike/6075669084224f4e014a5eda [32m200[0m 1.981 ms - 11[0m
[0mPOST /like/addlike/6075669084224f4e014a5eda [32m200[0m 6.031 ms - 17[0m
[0mPOST /like/addlike/6075669084224f4e014a5eda [32m200[0m 6.175 ms - 17[0m
[0mPOST /like/addlike/6075669084224f4e014a5eda [32m200[0m 7.297 ms - 17[0m
[0mPOST /like/addlike/6075669084224f4e014a5eda [32m200[0m 75.697 ms - 11[0m
[0mPOST /like/removelike/6075669084224f4e014a5eda [32m200[0m 2.253 ms - 11[0m
[0mPOST /post/posts [32m200[0m 8.026 ms - 2[0m
[0mPOST /post/posts [32m200[0m 3.388 ms - 2[0m
[0mPOST /category/ [32m200[0m 18.989 ms - 494[0m
[0mPOST /post/posts [32m200[0m 34.997 ms - 2490[0m
[0mPOST /category/ [32m200[0m 6.546 ms - 494[0m
[0mGET /upload/cat.png [36m304[0m 6.138 ms - -[0m
[0mGET /upload/dog.png [36m304[0m 1.572 ms - -[0m
[0mGET /upload/other.png [36m304[0m 2.820 ms - -[0m
[0mGET /upload/birds.png [36m304[0m 6.046 ms - -[0m
[0mGET /upload/rabbit.png [36m304[0m 1.587 ms - -[0m
[0mPOST /category/ [32m200[0m 11.979 ms - 494[0m
[0mGET /upload/default.jpg [36m304[0m 1.210 ms - -[0m
[0mGET /upload/1618306202182--photo-1507146426996-ef05306b995a.jpeg [36m304[0m 1.523 ms - -[0m
[0mGET /upload/1618306344240--images.jpeg [36m304[0m 1.299 ms - -[0m
[0mGET /upload/1618306360004--fish-1080x675.jpeg [36m304[0m 3.048 ms - -[0m
[0mGET /upload/1618306368873--goldfish-in-bowl-589015030-57ffe4e05f9b5805c2b07851.jpg [36m304[0m 1.875 ms - -[0m
[0mGET /upload/1618306391906--best-pet-birds-parakeet-1572839068.jpg [36m304[0m 1.572 ms - -[0m
[0mPOST /category/ [32m200[0m 7.833 ms - 494[0m
[0mPOST /category/ [32m200[0m 6.249 ms - 494[0m
[0mPOST /post/posts [32m200[0m 27.310 ms - 2490[0m
[0mPOST /category/ [32m200[0m 6.134 ms - 494[0m
[0mGET /upload/cat.png [36m304[0m 1.210 ms - -[0m
[0mGET /upload/dog.png [36m304[0m 1.284 ms - -[0m
[0mGET /upload/other.png [36m304[0m 1.087 ms - -[0m
[0mGET /upload/birds.png [36m304[0m 1.237 ms - -[0m
[0mGET /upload/rabbit.png [36m304[0m 1.182 ms - -[0m
[0mPOST /category/ [32m200[0m 5.301 ms - 494[0m
[0mGET /upload/default.jpg [36m304[0m 1.089 ms - -[0m
[0mPOST /category/ [32m200[0m 6.964 ms - 494[0m
[0mGET /upload/1618306202182--photo-1507146426996-ef05306b995a.jpeg [36m304[0m 2.586 ms - -[0m
[0mGET /upload/1618306344240--images.jpeg [36m304[0m 5.593 ms - -[0m
[0mGET /upload/1618306360004--fish-1080x675.jpeg [36m304[0m 5.061 ms - -[0m
[0mGET /upload/1618306368873--goldfish-in-bowl-589015030-57ffe4e05f9b5805c2b07851.jpg [36m304[0m 4.900 ms - -[0m
[0mGET /upload/1618306391906--best-pet-birds-parakeet-1572839068.jpg [36m304[0m 7.075 ms - -[0m
[0mPOST /category/ [32m200[0m 9.049 ms - 494[0m
[0mPOST /post/posts [32m200[0m 18.278 ms - 2490[0m
[0mPOST /category/ [32m200[0m 5.694 ms - 494[0m
[0mPOST /category/ [32m200[0m 3.849 ms - 494[0m
[0mGET /upload/rabbit.png [36m304[0m 9.458 ms - -[0m
[0mGET /upload/dog.png [36m304[0m 21.899 ms - -[0m
[0mGET /upload/other.png [36m304[0m 33.377 ms - -[0m
[0mGET /upload/birds.png [36m304[0m 10.383 ms - -[0m
[0mGET /upload/cat.png [36m304[0m 46.043 ms - -[0m
[0mPOST /category/ [32m200[0m 4.736 ms - 494[0m
[0mGET /upload/default.jpg [36m304[0m 1.371 ms - -[0m
[0mGET /upload/1618306202182--photo-1507146426996-ef05306b995a.jpeg [36m304[0m 1.011 ms - -[0m
[0mGET /upload/1618306344240--images.jpeg [36m304[0m 1.054 ms - -[0m
[0mGET /upload/1618306360004--fish-1080x675.jpeg [36m304[0m 2.211 ms - -[0m
[0mGET /upload/1618306368873--goldfish-in-bowl-589015030-57ffe4e05f9b5805c2b07851.jpg [36m304[0m 4.276 ms - -[0m
[0mGET /upload/1618306391906--best-pet-birds-parakeet-1572839068.jpg [36m304[0m 4.516 ms - -[0m
[0mPOST /auth/signup [32m200[0m 146.740 ms - 403[0m
[0mPOST /category/ [33m400[0m 0.429 ms - 23[0m
[0mPOST /post/posts [33m400[0m 0.664 ms - 23[0m
[0mPOST /category/ [33m400[0m 0.760 ms - 23[0m
[0mPOST /category/ [33m400[0m 0.764 ms - 23[0m
[0mPOST /post/posts [33m400[0m 0.516 ms - 23[0m
[0mPOST /category/ [33m400[0m 0.434 ms - 23[0m
[0mPOST /post/posts [33m400[0m 0.584 ms - 23[0m
[0mPOST /category/ [33m400[0m 0.666 ms - 23[0m
[0mPOST /category/ [33m400[0m 0.752 ms - 23[0m
[0mPOST /auth/login [32m200[0m 114.059 ms - 405[0m
[0mPOST /category/ [32m200[0m 4.405 ms - 494[0m
[0mPOST /post/posts [32m200[0m 24.232 ms - 2490[0m
[0mPOST /category/ [32m200[0m 12.204 ms - 494[0m
[0mGET /upload/cat.png [36m304[0m 0.969 ms - -[0m
[0mGET /upload/dog.png [36m304[0m 0.792 ms - -[0m
[0mGET /upload/other.png [36m304[0m 1.012 ms - -[0m
[0mPOST /category/ [32m200[0m 9.946 ms - 494[0m
[0mGET /upload/rabbit.png [36m304[0m 1.911 ms - -[0m
[0mGET /upload/birds.png [36m304[0m 5.061 ms - -[0m
[0mGET /upload/default.jpg [36m304[0m 0.853 ms - -[0m
[0mPOST /category/ [32m200[0m 4.911 ms - 494[0m
[0mGET /upload/1618306202182--photo-1507146426996-ef05306b995a.jpeg [36m304[0m 0.771 ms - -[0m
[0mGET /upload/1618306344240--images.jpeg [36m304[0m 3.904 ms - -[0m
[0mGET /upload/1618306360004--fish-1080x675.jpeg [36m304[0m 3.122 ms - -[0m
[0mGET /upload/1618306368873--goldfish-in-bowl-589015030-57ffe4e05f9b5805c2b07851.jpg [36m304[0m 6.780 ms - -[0m
[0mGET /upload/1618306391906--best-pet-birds-parakeet-1572839068.jpg [36m304[0m 11.976 ms - -[0m
[0mPOST /post/posts [32m200[0m 25.550 ms - 2649[0m
[0mPOST /category/ [32m200[0m 4.202 ms - 494[0m
[0mPOST /category/ [32m200[0m 3.453 ms - 494[0m
[0mPOST /comment/get/60756e68d56ff15127ad30f5 [32m200[0m 7.210 ms - 95[0m
[0mPOST /category/ [32m200[0m 10.714 ms - 494[0m
[0mGET /upload/1618306422132--fish-sees-you-104652809.jpg [36m304[0m 5.134 ms - -[0m
[0mGET /upload/1618306499628--blog_bucktons_love_pets.jpg [36m304[0m 3.287 ms - -[0m
[0mGET /upload/1618306519512--_112103722_gettyimages-578259314.jpg [36m304[0m 2.405 ms - -[0m
[0mGET /upload/1618306609264--blue-and-green-parakeets.jpg [36m304[0m 1.830 ms - -[0m
[0mGET /upload/1618306584795--200406_vod_orig_covid_pets_10_hpMain_1x1_992.jpg [36m304[0m 2.136 ms - -[0m
[0mPOST /auth/signup [33m400[0m 3.009 ms - 534[0m
[0mPOST /auth/signup [32m200[0m 5.222 ms - 393[0m
[0mPOST /category/ [33m400[0m 0.619 ms - 23[0m
[0mPOST /post/posts [33m400[0m 0.631 ms - 23[0m
[0mPOST /category/ [33m400[0m 0.745 ms - 23[0m
[0mPOST /category/ [33m400[0m 0.602 ms - 23[0m
[0mPOST /auth/signup [33m400[0m 3.116 ms - 539[0m
[0mPOST /auth/signup [33m400[0m 2.936 ms - 539[0m
[0mPOST /auth/signup [32m200[0m 5.615 ms - 412[0m
[0mPOST /category/ [33m400[0m 0.648 ms - 23[0m
[0mPOST /post/posts [33m400[0m 0.816 ms - 23[0m
[0mPOST /category/ [33m400[0m 0.914 ms - 23[0m
[0mPOST /category/ [33m400[0m 0.731 ms - 23[0m
[0mPOST /auth/signup [32m200[0m 5.096 ms - 416[0m
[0mPOST /category/ [33m400[0m 0.575 ms - 23[0m
[0mPOST /post/posts [33m400[0m 0.452 ms - 23[0m
[0mPOST /category/ [33m400[0m 0.650 ms - 23[0m
[0mPOST /category/ [33m400[0m 0.404 ms - 23[0m
[0mPOST /auth/signup [32m200[0m 24.232 ms - 427[0m
[0mPOST /category/ [33m400[0m 3.284 ms - 23[0m
[0mPOST /post/posts [33m400[0m 6.150 ms - 23[0m
[0mPOST /category/ [33m400[0m 0.954 ms - 23[0m
[0mPOST /category/ [33m400[0m 0.961 ms - 23[0m
[0mPOST /category/ [33m400[0m 0.883 ms - 23[0m
[0mPOST /post/posts [33m400[0m 0.827 ms - 23[0m
[0mPOST /category/ [33m400[0m 0.933 ms - 23[0m
[0mPOST /category/ [33m400[0m 0.968 ms - 23[0m
[0mPOST /auth/signup [32m200[0m 5.707 ms - 421[0m
[0mPOST /category/ [32m200[0m 31.587 ms - 494[0m
[0mPOST /post/posts [32m200[0m 28.946 ms - 2490[0m
[0mPOST /category/ [32m200[0m 11.199 ms - 494[0m
[0mGET /upload/cat.png [36m304[0m 9.754 ms - -[0m
[0mGET /upload/dog.png [36m304[0m 9.100 ms - -[0m
[0mGET /upload/other.png [36m304[0m 3.442 ms - -[0m
[0mGET /upload/birds.png [36m304[0m 2.510 ms - -[0m
[0mGET /upload/rabbit.png [36m304[0m 1.200 ms - -[0m
[0mPOST /category/ [32m200[0m 4.210 ms - 494[0m
[0mGET /upload/default.jpg [36m304[0m 1.348 ms - -[0m
[0mPOST /category/ [32m200[0m 5.186 ms - 494[0m
[0mGET /upload/1618306202182--photo-1507146426996-ef05306b995a.jpeg [36m304[0m 2.009 ms - -[0m
[0mGET /upload/1618306344240--images.jpeg [36m304[0m 5.883 ms - -[0m
[0mGET /upload/1618306360004--fish-1080x675.jpeg [36m304[0m 6.352 ms - -[0m
[0mGET /upload/1618306368873--goldfish-in-bowl-589015030-57ffe4e05f9b5805c2b07851.jpg [36m304[0m 5.441 ms - -[0m
[0mGET /upload/1618306391906--best-pet-birds-parakeet-1572839068.jpg [36m304[0m 8.198 ms - -[0m
[0mPOST /post/posts [32m200[0m 27.951 ms - 2649[0m
[0mPOST /category/ [32m200[0m 5.712 ms - 494[0m
[0mPOST /category/ [32m200[0m 5.245 ms - 494[0m
[0mPOST /comment/get/60756e68d56ff15127ad30f5 [32m200[0m 7.608 ms - 95[0m
[0mPOST /category/ [32m200[0m 12.818 ms - 494[0m
[0mGET /upload/1618306422132--fish-sees-you-104652809.jpg [36m304[0m 5.687 ms - -[0m
[0mGET /upload/1618306499628--blog_bucktons_love_pets.jpg [36m304[0m 2.263 ms - -[0m
[0mGET /upload/1618306519512--_112103722_gettyimages-578259314.jpg [36m304[0m 1.543 ms - -[0m
[0mGET /upload/1618306584795--200406_vod_orig_covid_pets_10_hpMain_1x1_992.jpg [36m304[0m 3.131 ms - -[0m
[0mGET /upload/1618306609264--blue-and-green-parakeets.jpg [36m304[0m 1.583 ms - -[0m
[0mPOST /post/posts [32m200[0m 6.704 ms - 596[0m
[0mPOST /category/ [32m200[0m 14.038 ms - 494[0m
[0mPOST /category/ [32m200[0m 12.629 ms - 494[0m
[0mPOST /comment/get/6075681bd56ff15127ad30f4 [32m200[0m 5.846 ms - 96[0m
[0mPOST /category/ [32m200[0m 7.073 ms - 494[0m
[0mGET /upload/1618306704919--1-142043533.gif [36m304[0m 1.120 ms - -[0m
[0mPOST /post/posts [32m200[0m 4.676 ms - 2[0m
[0mPOST /category/ [32m200[0m 5.840 ms - 494[0m
[0mPOST /upload/ [32m200[0m 44.556 ms - 81[0m
[0mPOST /post/ [32m200[0m 6.973 ms - 503[0m
[0mPOST /category/ [32m200[0m 6.286 ms - 494[0m
[0mGET /upload/1618318437515--orange-cat-490017.jpg [32m200[0m 5.001 ms - 137372[0m
[0mPOST /post/posts [32m200[0m 5.565 ms - 2[0m
[0mPOST /post/posts [32m200[0m 8.214 ms - 2[0m
[0mPOST /post/posts [33m400[0m 0.925 ms - 23[0m
[0mPOST /post/posts [32m200[0m 29.307 ms - 2490[0m
[0mPOST /category/ [32m200[0m 37.554 ms - 494[0m
[0mPOST /category/ [32m200[0m 17.146 ms - 494[0m
[0mPOST /category/ [32m200[0m 15.629 ms - 494[0m
[0mPOST /category/ [32m200[0m 7.291 ms - 494[0m
[0mPOST /category/ [32m200[0m 4.334 ms - 494[0m
[0mPOST /post/posts [32m200[0m 26.314 ms - 2649[0m
[0mPOST /category/ [32m200[0m 13.577 ms - 494[0m
[0mPOST /category/ [32m200[0m 8.440 ms - 494[0m
[0mPOST /comment/get/60756e68d56ff15127ad30f5 [32m200[0m 5.439 ms - 95[0m
[0mPOST /category/ [32m200[0m 14.815 ms - 494[0m
[0mPOST /post/posts [32m200[0m 12.735 ms - 1091[0m
[0mPOST /category/ [32m200[0m 5.715 ms - 494[0m
[0mPOST /category/ [32m200[0m 11.270 ms - 494[0m
[0mPOST /comment/get/6075681bd56ff15127ad30f4 [32m200[0m 4.994 ms - 96[0m
[0mPOST /category/ [32m200[0m 7.327 ms - 494[0m
[0mPOST /post/posts [32m200[0m 6.488 ms - 2[0m
[0mPOST /category/ [32m200[0m 7.647 ms - 494[0m
[0mPOST /like/addlike/607594658123dd6533df50b6 [32m200[0m 30.661 ms - 11[0m
[0mPOST /comment/add [32m200[0m 5.861 ms - 93[0m
[0mPOST /post/posts [32m200[0m 4.906 ms - 2[0m
[0mPOST /post/posts [32m200[0m 5.881 ms - 2[0m
[0mPOST /like/addlike/6075663184224f4e014a5ed9 [32m200[0m 14.610 ms - 11[0m
[0mPOST /like/addlike/6075669084224f4e014a5eda [32m200[0m 10.432 ms - 11[0m
[0mPOST /like/addlike/6075661884224f4e014a5ed8 [32m200[0m 13.373 ms - 11[0m
[0mPOST /like/removelike/6075661884224f4e014a5ed8 [32m200[0m 1.356 ms - 11[0m
[0mPOST /like/addlike/6075661884224f4e014a5ed8 [32m200[0m 15.805 ms - 11[0m
